
> plexcash-mobile@1.0.0 android
> expo run:android

env: load .env
env: export EXPO_PUBLIC_API_BASE_URL API_BASE_URL EXPO_PUBLIC_SIMULATE_BACKEND EXPO_PUBLIC_APP_NAME EXPO_PUBLIC_APP_VERSION EXPO_PUBLIC_DEBUG_MODE EXPO_PUBLIC_LOG_LEVEL
› Building app...
Configuration on demand is an incubating feature.
> Task :gradle-plugin:settings-plugin:checkKotlinGradlePluginConfigurationErrors
> Task :gradle-plugin:shared:checkKotlinGradlePluginConfigurationErrors
> Task :gradle-plugin:shared:compileKotlin UP-TO-DATE
> Task :gradle-plugin:shared:compileJava NO-SOURCE
> Task :gradle-plugin:shared:processResources NO-SOURCE
> Task :gradle-plugin:shared:classes UP-TO-DATE
> Task :gradle-plugin:shared:jar UP-TO-DATE
> Task :gradle-plugin:settings-plugin:compileKotlin UP-TO-DATE
> Task :gradle-plugin:settings-plugin:compileJava NO-SOURCE
> Task :gradle-plugin:settings-plugin:pluginDescriptors UP-TO-DATE
> Task :gradle-plugin:settings-plugin:processResources UP-TO-DATE
> Task :gradle-plugin:settings-plugin:classes UP-TO-DATE
> Task :gradle-plugin:settings-plugin:jar UP-TO-DATE
> Task :gradle-plugin:react-native-gradle-plugin:checkKotlinGradlePluginConfigurationErrors
> Task :gradle-plugin:react-native-gradle-plugin:compileKotlin UP-TO-DATE
> Task :gradle-plugin:react-native-gradle-plugin:compileJava NO-SOURCE
> Task :gradle-plugin:react-native-gradle-plugin:pluginDescriptors UP-TO-DATE
> Task :expo-module-gradle-plugin:checkKotlinGradlePluginConfigurationErrors SKIPPED
> Task :gradle-plugin:react-native-gradle-plugin:processResources UP-TO-DATE
> Task :gradle-plugin:react-native-gradle-plugin:classes UP-TO-DATE
> Task :expo-module-gradle-plugin:pluginDescriptors UP-TO-DATE
> Task :expo-module-gradle-plugin:processResources UP-TO-DATE
> Task :gradle-plugin:react-native-gradle-plugin:jar UP-TO-DATE
> Task :expo-module-gradle-plugin:compileKotlin UP-TO-DATE
> Task :expo-module-gradle-plugin:compileJava NO-SOURCE
> Task :expo-module-gradle-plugin:classes UP-TO-DATE
> Task :expo-module-gradle-plugin:jar UP-TO-DATE

> Configure project :app
 ??  [33mApplying gradle plugin[0m '[32mexpo-module-gradle-plugin[0m' (expo-modules-core@3.0.24)

> Configure project :expo

Using expo modules
  - [32mexpo-application[0m (6.0.2)
  - [32mexpo-asset[0m (11.0.5)
  - [32mexpo-constants[0m (17.0.8)
  - [32mexpo-crypto[0m (14.0.2)
  - [32mexpo-file-system[0m (18.0.12)
  - [32mexpo-font[0m (13.0.4)
  - [32mexpo-haptics[0m (14.0.1)
  - [32mexpo-keep-awake[0m (14.0.3)
  - [32mexpo-linear-gradient[0m (14.0.2)
  - [32mexpo-linking[0m (7.0.5)
  - [32mexpo-modules-core[0m (3.0.24)
  - [32mexpo-secure-store[0m (14.0.1)
  - [32mexpo-web-browser[0m (14.0.2)


> Configure project :react-native-reanimated
Android gradle plugin: 8.6.0
Gradle: 8.10.2

> Configure project :react-native-vision-camera
[VisionCamera] Thank you for using VisionCamera ??
[VisionCamera] If you enjoy using VisionCamera, please consider sponsoring this project: https://github.com/sponsors/mrousavy
[VisionCamera] node_modules found at C:\plexcash-mobile\node_modules
[VisionCamera] VisionCamera_enableFrameProcessors is set to true!
[VisionCamera] react-native-worklets-core not found, Frame Processors are disabled!
[VisionCamera] VisionCamera_enableCodeScanner is set to false!
WARNING: The specified Android SDK Build Tools version (31.0.0) is ignored, as it is below the minimum supported version (34.0.0) for Android Gradle Plugin 8.6.0.
Android SDK Build Tools 34.0.0 will be used.
To suppress this warning, remove "buildToolsVersion '31.0.0'" from your build.gradle file, as each version of the Android Gradle Plugin now has a default version of the build tools.

> Task :app:generateAutolinkingPackageList UP-TO-DATE
> Task :app:generateCodegenSchemaFromJavaScript SKIPPED
> Task :app:generateCodegenArtifactsFromSchema SKIPPED
> Task :app:preBuild UP-TO-DATE
> Task :app:preDebugBuild UP-TO-DATE
> Task :app:mergeDebugNativeDebugMetadata NO-SOURCE
> Task :app:checkKotlinGradlePluginConfigurationErrors SKIPPED
> Task :app:generateDebugBuildConfig UP-TO-DATE
> Task :expo:generateExpoModulesPackageListTask UP-TO-DATE
> Task :expo:preBuild UP-TO-DATE
> Task :expo:preDebugBuild UP-TO-DATE
> Task :expo:writeDebugAarMetadata UP-TO-DATE
> Task :expo-application:preBuild UP-TO-DATE
> Task :expo-application:preDebugBuild UP-TO-DATE
> Task :expo-application:writeDebugAarMetadata UP-TO-DATE
> Task :expo-asset:preBuild UP-TO-DATE
> Task :expo-asset:preDebugBuild UP-TO-DATE
> Task :expo-asset:writeDebugAarMetadata UP-TO-DATE
> Task :expo-constants:createExpoConfig
> Task :expo-constants:preBuild
> Task :expo-constants:preDebugBuild
> Task :expo-constants:writeDebugAarMetadata UP-TO-DATE
> Task :expo-crypto:preBuild UP-TO-DATE
> Task :expo-crypto:preDebugBuild UP-TO-DATE
> Task :expo-crypto:writeDebugAarMetadata UP-TO-DATE
> Task :expo-file-system:preBuild UP-TO-DATE
> Task :expo-file-system:preDebugBuild UP-TO-DATE
> Task :expo-file-system:writeDebugAarMetadata UP-TO-DATE
> Task :expo-font:preBuild UP-TO-DATE
> Task :expo-font:preDebugBuild UP-TO-DATE
> Task :expo-font:writeDebugAarMetadata UP-TO-DATE
> Task :expo-haptics:preBuild UP-TO-DATE
> Task :expo-haptics:preDebugBuild UP-TO-DATE
> Task :expo-haptics:writeDebugAarMetadata UP-TO-DATE
> Task :expo-keep-awake:preBuild UP-TO-DATE
> Task :expo-keep-awake:preDebugBuild UP-TO-DATE
> Task :expo-keep-awake:writeDebugAarMetadata UP-TO-DATE
> Task :expo-linear-gradient:preBuild UP-TO-DATE
> Task :expo-linear-gradient:preDebugBuild UP-TO-DATE
> Task :expo-linear-gradient:writeDebugAarMetadata UP-TO-DATE
> Task :expo-linking:preBuild UP-TO-DATE
> Task :expo-linking:preDebugBuild UP-TO-DATE
> Task :expo-linking:writeDebugAarMetadata UP-TO-DATE
> Task :expo-modules-core:preBuild UP-TO-DATE
> Task :expo-modules-core:preDebugBuild UP-TO-DATE
> Task :expo-modules-core:writeDebugAarMetadata UP-TO-DATE
> Task :expo-secure-store:preBuild UP-TO-DATE
> Task :expo-secure-store:preDebugBuild UP-TO-DATE
> Task :expo-secure-store:writeDebugAarMetadata UP-TO-DATE
> Task :expo-web-browser:preBuild UP-TO-DATE
> Task :expo-web-browser:preDebugBuild UP-TO-DATE
> Task :expo-web-browser:writeDebugAarMetadata UP-TO-DATE
> Task :react-native-async-storage_async-storage:preBuild UP-TO-DATE
> Task :react-native-async-storage_async-storage:preDebugBuild UP-TO-DATE
> Task :react-native-async-storage_async-storage:writeDebugAarMetadata UP-TO-DATE
> Task :react-native-ble-plx:preBuild UP-TO-DATE
> Task :react-native-ble-plx:preDebugBuild UP-TO-DATE
> Task :react-native-ble-plx:writeDebugAarMetadata UP-TO-DATE
> Task :react-native-gesture-handler:preBuild UP-TO-DATE
> Task :react-native-gesture-handler:preDebugBuild UP-TO-DATE
> Task :react-native-gesture-handler:writeDebugAarMetadata UP-TO-DATE
> Task :react-native-print:preBuild UP-TO-DATE
> Task :react-native-print:preDebugBuild UP-TO-DATE
> Task :react-native-print:writeDebugAarMetadata UP-TO-DATE
> Task :react-native-reanimated:assertLatestReactNativeWithNewArchitectureTask SKIPPED
> Task :react-native-reanimated:assertMinimalReactNativeVersionTask SKIPPED
> Task :react-native-reanimated:prepareReanimatedHeadersForPrefabs UP-TO-DATE
> Task :react-native-reanimated:prepareWorkletsHeadersForPrefabs UP-TO-DATE
> Task :react-native-reanimated:preBuild UP-TO-DATE
> Task :react-native-reanimated:preDebugBuild UP-TO-DATE
> Task :react-native-reanimated:writeDebugAarMetadata UP-TO-DATE
> Task :react-native-safe-area-context:preBuild UP-TO-DATE
> Task :react-native-safe-area-context:preDebugBuild UP-TO-DATE
> Task :react-native-safe-area-context:writeDebugAarMetadata UP-TO-DATE
> Task :react-native-screens:preBuild UP-TO-DATE
> Task :react-native-screens:preDebugBuild UP-TO-DATE
> Task :react-native-screens:writeDebugAarMetadata UP-TO-DATE
> Task :react-native-share:preBuild UP-TO-DATE
> Task :react-native-share:preDebugBuild UP-TO-DATE
> Task :react-native-share:writeDebugAarMetadata UP-TO-DATE
> Task :react-native-vision-camera:prepareHeaders UP-TO-DATE
> Task :react-native-vision-camera:preBuild UP-TO-DATE
> Task :react-native-vision-camera:preDebugBuild UP-TO-DATE
> Task :react-native-vision-camera:writeDebugAarMetadata UP-TO-DATE
> Task :react-native-webview:preBuild UP-TO-DATE
> Task :react-native-webview:preDebugBuild UP-TO-DATE
> Task :react-native-webview:writeDebugAarMetadata UP-TO-DATE
> Task :app:checkDebugAarMetadata UP-TO-DATE
> Task :app:generateDebugResValues UP-TO-DATE
> Task :expo:generateDebugResValues UP-TO-DATE
> Task :expo:generateDebugResources UP-TO-DATE
> Task :expo:packageDebugResources UP-TO-DATE
> Task :expo-application:generateDebugResValues UP-TO-DATE
> Task :expo-application:generateDebugResources UP-TO-DATE
> Task :expo-application:packageDebugResources UP-TO-DATE
> Task :expo-asset:generateDebugResValues UP-TO-DATE
> Task :expo-asset:generateDebugResources UP-TO-DATE
> Task :expo-asset:packageDebugResources UP-TO-DATE
> Task :expo-constants:generateDebugResValues UP-TO-DATE
> Task :expo-constants:generateDebugResources UP-TO-DATE
> Task :expo-constants:packageDebugResources UP-TO-DATE
> Task :expo-crypto:generateDebugResValues UP-TO-DATE
> Task :expo-crypto:generateDebugResources UP-TO-DATE
> Task :expo-crypto:packageDebugResources UP-TO-DATE
> Task :expo-file-system:generateDebugResValues UP-TO-DATE
> Task :expo-file-system:generateDebugResources UP-TO-DATE
> Task :expo-file-system:packageDebugResources UP-TO-DATE
> Task :expo-font:generateDebugResValues UP-TO-DATE
> Task :expo-font:generateDebugResources UP-TO-DATE
> Task :expo-font:packageDebugResources UP-TO-DATE
> Task :expo-haptics:generateDebugResValues UP-TO-DATE
> Task :expo-haptics:generateDebugResources UP-TO-DATE
> Task :expo-haptics:packageDebugResources UP-TO-DATE
> Task :expo-keep-awake:generateDebugResValues UP-TO-DATE
> Task :expo-keep-awake:generateDebugResources UP-TO-DATE
> Task :expo-keep-awake:packageDebugResources UP-TO-DATE
> Task :expo-linear-gradient:generateDebugResValues UP-TO-DATE
> Task :expo-linear-gradient:generateDebugResources UP-TO-DATE
> Task :expo-linear-gradient:packageDebugResources UP-TO-DATE
> Task :expo-linking:generateDebugResValues UP-TO-DATE
> Task :expo-linking:generateDebugResources UP-TO-DATE
> Task :expo-linking:packageDebugResources UP-TO-DATE
> Task :expo-modules-core:generateDebugResValues UP-TO-DATE
> Task :expo-modules-core:generateDebugResources UP-TO-DATE
> Task :expo-modules-core:packageDebugResources UP-TO-DATE
> Task :expo-secure-store:generateDebugResValues UP-TO-DATE
> Task :expo-secure-store:generateDebugResources UP-TO-DATE
> Task :expo-secure-store:packageDebugResources UP-TO-DATE
> Task :expo-web-browser:generateDebugResValues UP-TO-DATE
> Task :expo-web-browser:generateDebugResources UP-TO-DATE
> Task :expo-web-browser:packageDebugResources UP-TO-DATE
> Task :react-native-async-storage_async-storage:generateDebugResValues UP-TO-DATE
> Task :react-native-async-storage_async-storage:generateDebugResources UP-TO-DATE
> Task :react-native-async-storage_async-storage:packageDebugResources UP-TO-DATE
> Task :react-native-ble-plx:generateDebugResValues UP-TO-DATE
> Task :react-native-ble-plx:generateDebugResources UP-TO-DATE
> Task :react-native-ble-plx:packageDebugResources UP-TO-DATE
> Task :react-native-gesture-handler:generateDebugResValues UP-TO-DATE
> Task :react-native-gesture-handler:generateDebugResources UP-TO-DATE
> Task :react-native-gesture-handler:packageDebugResources UP-TO-DATE
> Task :react-native-print:generateDebugResValues UP-TO-DATE
> Task :react-native-print:generateDebugResources UP-TO-DATE
> Task :react-native-print:packageDebugResources UP-TO-DATE
> Task :react-native-reanimated:generateDebugResValues UP-TO-DATE
> Task :react-native-reanimated:generateDebugResources UP-TO-DATE
> Task :react-native-reanimated:packageDebugResources UP-TO-DATE
> Task :react-native-safe-area-context:generateDebugResValues UP-TO-DATE
> Task :react-native-safe-area-context:generateDebugResources UP-TO-DATE
> Task :react-native-safe-area-context:packageDebugResources UP-TO-DATE
> Task :react-native-screens:generateDebugResValues UP-TO-DATE
> Task :react-native-screens:generateDebugResources UP-TO-DATE
> Task :react-native-screens:packageDebugResources UP-TO-DATE
> Task :react-native-share:generateDebugResValues UP-TO-DATE
> Task :react-native-share:generateDebugResources UP-TO-DATE
> Task :react-native-share:packageDebugResources UP-TO-DATE
> Task :react-native-vision-camera:generateDebugResValues UP-TO-DATE
> Task :react-native-vision-camera:generateDebugResources UP-TO-DATE
> Task :react-native-vision-camera:packageDebugResources UP-TO-DATE
> Task :react-native-webview:generateDebugResValues UP-TO-DATE
> Task :react-native-webview:generateDebugResources UP-TO-DATE
> Task :react-native-webview:packageDebugResources UP-TO-DATE
> Task :app:mapDebugSourceSetPaths UP-TO-DATE
> Task :app:generateDebugResources UP-TO-DATE
> Task :app:mergeDebugResources UP-TO-DATE
> Task :app:packageDebugResources UP-TO-DATE
> Task :app:parseDebugLocalResources UP-TO-DATE
> Task :app:createDebugCompatibleScreenManifests UP-TO-DATE
> Task :app:extractDeepLinksDebug UP-TO-DATE
> Task :expo:extractDeepLinksDebug UP-TO-DATE
> Task :expo:processDebugManifest UP-TO-DATE
> Task :expo-application:extractDeepLinksDebug UP-TO-DATE
> Task :expo-application:processDebugManifest UP-TO-DATE
> Task :expo-asset:extractDeepLinksDebug UP-TO-DATE
> Task :expo-asset:processDebugManifest UP-TO-DATE
> Task :expo-constants:extractDeepLinksDebug UP-TO-DATE
> Task :expo-constants:processDebugManifest UP-TO-DATE
> Task :expo-crypto:extractDeepLinksDebug UP-TO-DATE
> Task :expo-crypto:processDebugManifest UP-TO-DATE
> Task :expo-file-system:extractDeepLinksDebug UP-TO-DATE
> Task :expo-file-system:processDebugManifest UP-TO-DATE
> Task :expo-font:extractDeepLinksDebug UP-TO-DATE
> Task :expo-font:processDebugManifest UP-TO-DATE
> Task :expo-haptics:extractDeepLinksDebug UP-TO-DATE
> Task :expo-haptics:processDebugManifest UP-TO-DATE
> Task :expo-keep-awake:extractDeepLinksDebug UP-TO-DATE
> Task :expo-keep-awake:processDebugManifest UP-TO-DATE
> Task :expo-linear-gradient:extractDeepLinksDebug UP-TO-DATE
> Task :expo-linear-gradient:processDebugManifest UP-TO-DATE
> Task :expo-linking:extractDeepLinksDebug UP-TO-DATE
> Task :expo-linking:processDebugManifest UP-TO-DATE
> Task :expo-modules-core:extractDeepLinksDebug UP-TO-DATE
> Task :expo-modules-core:processDebugManifest UP-TO-DATE
> Task :expo-secure-store:extractDeepLinksDebug UP-TO-DATE
> Task :expo-secure-store:processDebugManifest UP-TO-DATE
> Task :expo-web-browser:extractDeepLinksDebug UP-TO-DATE
> Task :expo-web-browser:processDebugManifest UP-TO-DATE
> Task :react-native-async-storage_async-storage:extractDeepLinksDebug UP-TO-DATE
> Task :react-native-async-storage_async-storage:processDebugManifest UP-TO-DATE
> Task :react-native-ble-plx:extractDeepLinksDebug UP-TO-DATE
> Task :react-native-ble-plx:processDebugManifest UP-TO-DATE
> Task :react-native-gesture-handler:extractDeepLinksDebug UP-TO-DATE
> Task :react-native-gesture-handler:processDebugManifest UP-TO-DATE
> Task :react-native-print:extractDeepLinksDebug UP-TO-DATE
> Task :react-native-print:processDebugManifest UP-TO-DATE
> Task :react-native-reanimated:extractDeepLinksDebug UP-TO-DATE
> Task :react-native-reanimated:processDebugManifest UP-TO-DATE
> Task :react-native-safe-area-context:extractDeepLinksDebug UP-TO-DATE
> Task :react-native-safe-area-context:processDebugManifest UP-TO-DATE
> Task :react-native-screens:extractDeepLinksDebug UP-TO-DATE
> Task :react-native-screens:processDebugManifest UP-TO-DATE
> Task :react-native-share:extractDeepLinksDebug UP-TO-DATE
> Task :react-native-share:processDebugManifest UP-TO-DATE
> Task :react-native-vision-camera:extractDeepLinksDebug UP-TO-DATE
> Task :react-native-vision-camera:processDebugManifest UP-TO-DATE
> Task :react-native-webview:extractDeepLinksDebug UP-TO-DATE
> Task :react-native-webview:processDebugManifest UP-TO-DATE
> Task :app:processDebugMainManifest UP-TO-DATE
> Task :app:processDebugManifest UP-TO-DATE
> Task :app:processDebugManifestForPackage UP-TO-DATE
> Task :expo:compileDebugLibraryResources UP-TO-DATE
> Task :expo:parseDebugLocalResources UP-TO-DATE
> Task :expo:generateDebugRFile UP-TO-DATE
> Task :expo-application:compileDebugLibraryResources UP-TO-DATE
> Task :expo-application:parseDebugLocalResources UP-TO-DATE
> Task :expo-application:generateDebugRFile UP-TO-DATE
> Task :expo-asset:compileDebugLibraryResources UP-TO-DATE
> Task :expo-asset:parseDebugLocalResources UP-TO-DATE
> Task :expo-asset:generateDebugRFile UP-TO-DATE
> Task :expo-constants:compileDebugLibraryResources UP-TO-DATE
> Task :expo-constants:parseDebugLocalResources UP-TO-DATE
> Task :expo-constants:generateDebugRFile UP-TO-DATE
> Task :expo-crypto:compileDebugLibraryResources UP-TO-DATE
> Task :expo-crypto:parseDebugLocalResources UP-TO-DATE
> Task :expo-crypto:generateDebugRFile UP-TO-DATE
> Task :expo-file-system:compileDebugLibraryResources UP-TO-DATE
> Task :expo-file-system:parseDebugLocalResources UP-TO-DATE
> Task :expo-file-system:generateDebugRFile UP-TO-DATE
> Task :expo-font:compileDebugLibraryResources UP-TO-DATE
> Task :expo-font:parseDebugLocalResources UP-TO-DATE
> Task :expo-font:generateDebugRFile UP-TO-DATE
> Task :expo-haptics:compileDebugLibraryResources UP-TO-DATE
> Task :expo-haptics:parseDebugLocalResources UP-TO-DATE
> Task :expo-haptics:generateDebugRFile UP-TO-DATE
> Task :expo-keep-awake:compileDebugLibraryResources UP-TO-DATE
> Task :expo-keep-awake:parseDebugLocalResources UP-TO-DATE
> Task :expo-keep-awake:generateDebugRFile UP-TO-DATE
> Task :expo-linear-gradient:compileDebugLibraryResources UP-TO-DATE
> Task :expo-linear-gradient:parseDebugLocalResources UP-TO-DATE
> Task :expo-linear-gradient:generateDebugRFile UP-TO-DATE
> Task :expo-linking:compileDebugLibraryResources UP-TO-DATE
> Task :expo-linking:parseDebugLocalResources UP-TO-DATE
> Task :expo-linking:generateDebugRFile UP-TO-DATE
> Task :expo-modules-core:compileDebugLibraryResources UP-TO-DATE
> Task :expo-modules-core:parseDebugLocalResources UP-TO-DATE
> Task :expo-modules-core:generateDebugRFile UP-TO-DATE
> Task :expo-secure-store:compileDebugLibraryResources UP-TO-DATE
> Task :expo-secure-store:parseDebugLocalResources UP-TO-DATE
> Task :expo-secure-store:generateDebugRFile UP-TO-DATE
> Task :expo-web-browser:compileDebugLibraryResources UP-TO-DATE
> Task :expo-web-browser:parseDebugLocalResources UP-TO-DATE
> Task :expo-web-browser:generateDebugRFile UP-TO-DATE
> Task :react-native-async-storage_async-storage:compileDebugLibraryResources UP-TO-DATE
> Task :react-native-async-storage_async-storage:parseDebugLocalResources UP-TO-DATE
> Task :react-native-async-storage_async-storage:generateDebugRFile UP-TO-DATE
> Task :react-native-ble-plx:compileDebugLibraryResources UP-TO-DATE
> Task :react-native-ble-plx:parseDebugLocalResources UP-TO-DATE
> Task :react-native-ble-plx:generateDebugRFile UP-TO-DATE
> Task :react-native-gesture-handler:compileDebugLibraryResources UP-TO-DATE
> Task :react-native-gesture-handler:parseDebugLocalResources UP-TO-DATE
> Task :react-native-gesture-handler:generateDebugRFile UP-TO-DATE
> Task :react-native-print:compileDebugLibraryResources UP-TO-DATE
> Task :react-native-print:parseDebugLocalResources UP-TO-DATE
> Task :react-native-print:generateDebugRFile UP-TO-DATE
> Task :react-native-reanimated:compileDebugLibraryResources UP-TO-DATE
> Task :react-native-reanimated:parseDebugLocalResources UP-TO-DATE
> Task :react-native-reanimated:generateDebugRFile UP-TO-DATE
> Task :react-native-safe-area-context:compileDebugLibraryResources UP-TO-DATE
> Task :react-native-safe-area-context:parseDebugLocalResources UP-TO-DATE
> Task :react-native-safe-area-context:generateDebugRFile UP-TO-DATE
> Task :react-native-screens:compileDebugLibraryResources UP-TO-DATE
> Task :react-native-screens:parseDebugLocalResources UP-TO-DATE
> Task :react-native-screens:generateDebugRFile UP-TO-DATE
> Task :react-native-share:compileDebugLibraryResources UP-TO-DATE
> Task :react-native-share:parseDebugLocalResources UP-TO-DATE
> Task :react-native-share:generateDebugRFile UP-TO-DATE
> Task :react-native-vision-camera:compileDebugLibraryResources UP-TO-DATE
> Task :react-native-vision-camera:parseDebugLocalResources UP-TO-DATE
> Task :react-native-vision-camera:generateDebugRFile UP-TO-DATE
> Task :react-native-webview:compileDebugLibraryResources UP-TO-DATE
> Task :react-native-webview:parseDebugLocalResources UP-TO-DATE
> Task :react-native-webview:generateDebugRFile UP-TO-DATE
> Task :app:processDebugResources UP-TO-DATE
> Task :expo:checkKotlinGradlePluginConfigurationErrors SKIPPED
> Task :expo:generateDebugBuildConfig UP-TO-DATE
> Task :expo-application:checkKotlinGradlePluginConfigurationErrors SKIPPED
> Task :expo-application:generateDebugBuildConfig UP-TO-DATE
> Task :expo-modules-core:checkKotlinGradlePluginConfigurationErrors SKIPPED
> Task :expo-modules-core:generateDebugBuildConfig UP-TO-DATE
> Task :expo-modules-core:javaPreCompileDebug UP-TO-DATE
> Task :expo-application:javaPreCompileDebug UP-TO-DATE
> Task :expo-asset:checkKotlinGradlePluginConfigurationErrors SKIPPED
> Task :expo-asset:generateDebugBuildConfig UP-TO-DATE
> Task :expo-asset:javaPreCompileDebug UP-TO-DATE
> Task :expo-constants:checkKotlinGradlePluginConfigurationErrors SKIPPED
> Task :expo-constants:generateDebugBuildConfig UP-TO-DATE
> Task :expo-constants:javaPreCompileDebug UP-TO-DATE
> Task :expo-crypto:checkKotlinGradlePluginConfigurationErrors SKIPPED
> Task :expo-crypto:generateDebugBuildConfig UP-TO-DATE
> Task :expo-crypto:javaPreCompileDebug UP-TO-DATE
> Task :expo-file-system:checkKotlinGradlePluginConfigurationErrors SKIPPED
> Task :expo-file-system:generateDebugBuildConfig UP-TO-DATE
> Task :expo-file-system:javaPreCompileDebug UP-TO-DATE
> Task :expo-font:checkKotlinGradlePluginConfigurationErrors SKIPPED
> Task :expo-font:generateDebugBuildConfig UP-TO-DATE
> Task :expo-font:javaPreCompileDebug UP-TO-DATE
> Task :expo-haptics:checkKotlinGradlePluginConfigurationErrors SKIPPED
> Task :expo-haptics:generateDebugBuildConfig UP-TO-DATE
> Task :expo-haptics:javaPreCompileDebug UP-TO-DATE
> Task :expo-keep-awake:checkKotlinGradlePluginConfigurationErrors SKIPPED
> Task :expo-keep-awake:generateDebugBuildConfig UP-TO-DATE
> Task :expo-keep-awake:javaPreCompileDebug UP-TO-DATE
> Task :expo-linear-gradient:checkKotlinGradlePluginConfigurationErrors SKIPPED
> Task :expo-linear-gradient:generateDebugBuildConfig UP-TO-DATE
> Task :expo-linear-gradient:javaPreCompileDebug UP-TO-DATE
> Task :expo-linking:checkKotlinGradlePluginConfigurationErrors SKIPPED
> Task :expo-linking:generateDebugBuildConfig UP-TO-DATE
> Task :expo-linking:javaPreCompileDebug UP-TO-DATE
> Task :expo-secure-store:checkKotlinGradlePluginConfigurationErrors SKIPPED
> Task :expo-secure-store:generateDebugBuildConfig UP-TO-DATE
> Task :expo-secure-store:javaPreCompileDebug UP-TO-DATE
> Task :expo-web-browser:checkKotlinGradlePluginConfigurationErrors SKIPPED
> Task :expo-web-browser:generateDebugBuildConfig UP-TO-DATE
> Task :expo-web-browser:javaPreCompileDebug UP-TO-DATE
> Task :expo:javaPreCompileDebug UP-TO-DATE
> Task :react-native-async-storage_async-storage:generateDebugBuildConfig UP-TO-DATE
> Task :react-native-async-storage_async-storage:javaPreCompileDebug UP-TO-DATE
> Task :react-native-async-storage_async-storage:compileDebugJavaWithJavac UP-TO-DATE
> Task :react-native-async-storage_async-storage:bundleLibCompileToJarDebug UP-TO-DATE
> Task :react-native-ble-plx:generateDebugBuildConfig UP-TO-DATE
> Task :react-native-ble-plx:javaPreCompileDebug UP-TO-DATE
> Task :react-native-ble-plx:compileDebugJavaWithJavac UP-TO-DATE
> Task :react-native-ble-plx:bundleLibCompileToJarDebug UP-TO-DATE
> Task :react-native-gesture-handler:checkKotlinGradlePluginConfigurationErrors SKIPPED
> Task :react-native-gesture-handler:generateDebugBuildConfig UP-TO-DATE
> Task :react-native-reanimated:generateDebugBuildConfig UP-TO-DATE
> Task :react-native-reanimated:javaPreCompileDebug UP-TO-DATE
> Task :react-native-reanimated:packageNdkLibs NO-SOURCE
> Task :react-native-reanimated:compileDebugJavaWithJavac UP-TO-DATE
> Task :react-native-reanimated:bundleLibCompileToJarDebug UP-TO-DATE
> Task :react-native-gesture-handler:compileDebugKotlin UP-TO-DATE
> Task :react-native-gesture-handler:javaPreCompileDebug UP-TO-DATE
> Task :react-native-gesture-handler:compileDebugJavaWithJavac UP-TO-DATE
> Task :react-native-gesture-handler:bundleLibCompileToJarDebug UP-TO-DATE
> Task :react-native-print:generateDebugBuildConfig UP-TO-DATE
> Task :react-native-print:javaPreCompileDebug UP-TO-DATE
> Task :react-native-print:compileDebugJavaWithJavac UP-TO-DATE
> Task :react-native-print:bundleLibCompileToJarDebug UP-TO-DATE
> Task :react-native-safe-area-context:checkKotlinGradlePluginConfigurationErrors SKIPPED
> Task :react-native-safe-area-context:generateDebugBuildConfig UP-TO-DATE
> Task :react-native-safe-area-context:compileDebugKotlin UP-TO-DATE
> Task :react-native-safe-area-context:javaPreCompileDebug UP-TO-DATE
> Task :react-native-safe-area-context:compileDebugJavaWithJavac UP-TO-DATE
> Task :react-native-safe-area-context:bundleLibCompileToJarDebug UP-TO-DATE
> Task :react-native-screens:checkKotlinGradlePluginConfigurationErrors SKIPPED
> Task :react-native-screens:generateDebugBuildConfig UP-TO-DATE
> Task :react-native-screens:compileDebugKotlin UP-TO-DATE
> Task :react-native-screens:javaPreCompileDebug UP-TO-DATE
> Task :react-native-screens:compileDebugJavaWithJavac UP-TO-DATE
> Task :react-native-screens:bundleLibCompileToJarDebug UP-TO-DATE
> Task :react-native-share:generateDebugBuildConfig UP-TO-DATE
> Task :react-native-share:javaPreCompileDebug UP-TO-DATE
> Task :react-native-share:compileDebugJavaWithJavac UP-TO-DATE
> Task :react-native-share:bundleLibCompileToJarDebug UP-TO-DATE
> Task :react-native-vision-camera:checkKotlinGradlePluginConfigurationErrors SKIPPED
> Task :react-native-vision-camera:generateDebugBuildConfig UP-TO-DATE
> Task :react-native-vision-camera:compileDebugKotlin UP-TO-DATE
> Task :react-native-vision-camera:javaPreCompileDebug UP-TO-DATE
> Task :react-native-vision-camera:compileDebugJavaWithJavac UP-TO-DATE
> Task :react-native-vision-camera:bundleLibCompileToJarDebug UP-TO-DATE
> Task :react-native-webview:checkKotlinGradlePluginConfigurationErrors SKIPPED
> Task :react-native-webview:generateDebugBuildConfig UP-TO-DATE
> Task :react-native-webview:compileDebugKotlin FROM-CACHE
> Task :react-native-webview:javaPreCompileDebug FROM-CACHE

> Task :react-native-webview:compileDebugJavaWithJavac
Note: Some input files use or override a deprecated API.
Note: Recompile with -Xlint:deprecation for details.

> Task :app:javaPreCompileDebug FROM-CACHE
> Task :app:mergeDebugShaders
> Task :app:compileDebugShaders NO-SOURCE
> Task :app:generateDebugAssets UP-TO-DATE
> Task :expo:mergeDebugShaders
> Task :expo:compileDebugShaders NO-SOURCE
> Task :expo:generateDebugAssets UP-TO-DATE
> Task :expo:packageDebugAssets
> Task :expo-application:mergeDebugShaders
> Task :expo-application:compileDebugShaders NO-SOURCE
> Task :expo-application:generateDebugAssets UP-TO-DATE
> Task :expo-application:packageDebugAssets
> Task :expo-asset:mergeDebugShaders
> Task :expo-asset:compileDebugShaders NO-SOURCE
> Task :expo-asset:generateDebugAssets UP-TO-DATE
> Task :react-native-webview:bundleLibCompileToJarDebug
> Task :expo-asset:packageDebugAssets
> Task :expo-constants:mergeDebugShaders
> Task :expo-constants:compileDebugShaders NO-SOURCE
> Task :expo-constants:generateDebugAssets UP-TO-DATE
> Task :expo-constants:packageDebugAssets
> Task :expo-crypto:mergeDebugShaders
> Task :expo-crypto:compileDebugShaders NO-SOURCE
> Task :expo-crypto:generateDebugAssets UP-TO-DATE
> Task :expo-crypto:packageDebugAssets
> Task :expo-file-system:mergeDebugShaders
> Task :expo-file-system:compileDebugShaders NO-SOURCE
> Task :expo-file-system:generateDebugAssets UP-TO-DATE
> Task :expo-file-system:packageDebugAssets
> Task :expo-font:mergeDebugShaders
> Task :expo-font:compileDebugShaders NO-SOURCE
> Task :expo-font:generateDebugAssets UP-TO-DATE
> Task :expo-font:packageDebugAssets
> Task :expo-haptics:mergeDebugShaders
> Task :expo-haptics:compileDebugShaders NO-SOURCE
> Task :expo-haptics:generateDebugAssets UP-TO-DATE
> Task :expo-haptics:packageDebugAssets
> Task :expo-keep-awake:mergeDebugShaders
> Task :expo-keep-awake:compileDebugShaders NO-SOURCE
> Task :expo-keep-awake:generateDebugAssets UP-TO-DATE
> Task :expo-keep-awake:packageDebugAssets
> Task :expo-linear-gradient:mergeDebugShaders
> Task :expo-linear-gradient:compileDebugShaders NO-SOURCE
> Task :expo-linear-gradient:generateDebugAssets UP-TO-DATE
> Task :expo-linear-gradient:packageDebugAssets
> Task :expo-linking:mergeDebugShaders
> Task :expo-linking:compileDebugShaders NO-SOURCE
> Task :expo-linking:generateDebugAssets UP-TO-DATE
> Task :expo-linking:packageDebugAssets
> Task :expo-modules-core:mergeDebugShaders
> Task :expo-modules-core:compileDebugShaders NO-SOURCE
> Task :expo-modules-core:generateDebugAssets UP-TO-DATE
> Task :expo-modules-core:packageDebugAssets
> Task :expo-secure-store:mergeDebugShaders
> Task :expo-secure-store:compileDebugShaders NO-SOURCE
> Task :expo-secure-store:generateDebugAssets UP-TO-DATE
> Task :expo-secure-store:packageDebugAssets
> Task :expo-web-browser:mergeDebugShaders
> Task :expo-web-browser:compileDebugShaders NO-SOURCE
> Task :expo-web-browser:generateDebugAssets UP-TO-DATE
> Task :expo-web-browser:packageDebugAssets
> Task :react-native-async-storage_async-storage:mergeDebugShaders
> Task :react-native-async-storage_async-storage:compileDebugShaders NO-SOURCE
> Task :react-native-async-storage_async-storage:generateDebugAssets UP-TO-DATE
> Task :react-native-async-storage_async-storage:packageDebugAssets
> Task :react-native-ble-plx:mergeDebugShaders
> Task :react-native-ble-plx:compileDebugShaders NO-SOURCE
> Task :react-native-ble-plx:generateDebugAssets UP-TO-DATE
> Task :react-native-ble-plx:packageDebugAssets
> Task :react-native-gesture-handler:mergeDebugShaders
> Task :react-native-gesture-handler:compileDebugShaders NO-SOURCE
> Task :react-native-gesture-handler:generateDebugAssets UP-TO-DATE
> Task :react-native-gesture-handler:packageDebugAssets
> Task :react-native-print:mergeDebugShaders
> Task :react-native-print:compileDebugShaders NO-SOURCE
> Task :react-native-print:generateDebugAssets UP-TO-DATE
> Task :react-native-print:packageDebugAssets
> Task :react-native-reanimated:mergeDebugShaders
> Task :react-native-reanimated:compileDebugShaders NO-SOURCE
> Task :react-native-reanimated:generateDebugAssets UP-TO-DATE
> Task :react-native-reanimated:packageDebugAssets
> Task :react-native-safe-area-context:mergeDebugShaders
> Task :react-native-safe-area-context:compileDebugShaders NO-SOURCE
> Task :react-native-safe-area-context:generateDebugAssets UP-TO-DATE
> Task :react-native-safe-area-context:packageDebugAssets
> Task :react-native-screens:mergeDebugShaders
> Task :react-native-screens:compileDebugShaders NO-SOURCE
> Task :react-native-screens:generateDebugAssets UP-TO-DATE
> Task :react-native-screens:packageDebugAssets
> Task :react-native-share:mergeDebugShaders
> Task :react-native-share:compileDebugShaders NO-SOURCE
> Task :react-native-share:generateDebugAssets UP-TO-DATE
> Task :react-native-share:packageDebugAssets
> Task :react-native-vision-camera:mergeDebugShaders
> Task :react-native-vision-camera:compileDebugShaders NO-SOURCE
> Task :react-native-vision-camera:generateDebugAssets UP-TO-DATE
> Task :react-native-vision-camera:packageDebugAssets
> Task :react-native-webview:mergeDebugShaders
> Task :react-native-webview:compileDebugShaders NO-SOURCE
> Task :react-native-webview:generateDebugAssets UP-TO-DATE
> Task :react-native-webview:packageDebugAssets
> Task :app:mergeDebugAssets
> Task :app:compressDebugAssets FROM-CACHE
> Task :react-native-async-storage_async-storage:bundleLibRuntimeToJarDebug
> Task :react-native-print:bundleLibRuntimeToJarDebug
> Task :app:desugarDebugFileDependencies FROM-CACHE
> Task :react-native-async-storage_async-storage:processDebugJavaRes NO-SOURCE
> Task :react-native-safe-area-context:bundleLibRuntimeToJarDebug
> Task :react-native-share:bundleLibRuntimeToJarDebug
> Task :react-native-reanimated:bundleLibRuntimeToJarDebug
> Task :react-native-ble-plx:processDebugJavaRes NO-SOURCE
> Task :react-native-gesture-handler:processDebugJavaRes
> Task :react-native-print:processDebugJavaRes NO-SOURCE
> Task :react-native-reanimated:processDebugJavaRes NO-SOURCE
> Task :react-native-safe-area-context:processDebugJavaRes
> Task :react-native-screens:processDebugJavaRes
> Task :react-native-webview:bundleLibRuntimeToJarDebug
> Task :react-native-screens:bundleLibRuntimeToJarDebug
> Task :react-native-share:processDebugJavaRes NO-SOURCE
> Task :react-native-gesture-handler:bundleLibRuntimeToJarDebug
> Task :react-native-ble-plx:bundleLibRuntimeToJarDebug
> Task :react-native-vision-camera:processDebugJavaRes
> Task :react-native-webview:processDebugJavaRes
> Task :react-native-print:bundleLibRuntimeToDirDebug
> Task :react-native-async-storage_async-storage:bundleLibRuntimeToDirDebug
> Task :react-native-share:bundleLibRuntimeToDirDebug
> Task :react-native-safe-area-context:bundleLibRuntimeToDirDebug
> Task :react-native-reanimated:bundleLibRuntimeToDirDebug
> Task :app:checkDebugDuplicateClasses
> Task :react-native-vision-camera:bundleLibRuntimeToJarDebug
> Task :react-native-ble-plx:bundleLibRuntimeToDirDebug
> Task :react-native-screens:bundleLibRuntimeToDirDebug
> Task :react-native-gesture-handler:bundleLibRuntimeToDirDebug
> Task :react-native-vision-camera:bundleLibRuntimeToDirDebug
> Task :expo-modules-core:compileDebugKotlin
> Task :app:mergeExtDexDebug
> Task :app:mergeDebugJniLibFolders
> Task :expo:mergeDebugJniLibFolders
> Task :expo:mergeDebugNativeLibs NO-SOURCE
> Task :expo:copyDebugJniLibsProjectOnly
> Task :expo-application:mergeDebugJniLibFolders
> Task :expo-application:mergeDebugNativeLibs NO-SOURCE
> Task :expo-application:copyDebugJniLibsProjectOnly
> Task :expo-asset:mergeDebugJniLibFolders
> Task :expo-asset:mergeDebugNativeLibs NO-SOURCE
> Task :expo-asset:copyDebugJniLibsProjectOnly
> Task :expo-constants:mergeDebugJniLibFolders
> Task :expo-constants:mergeDebugNativeLibs NO-SOURCE
> Task :expo-constants:copyDebugJniLibsProjectOnly
> Task :expo-crypto:mergeDebugJniLibFolders
> Task :expo-crypto:mergeDebugNativeLibs NO-SOURCE
> Task :expo-crypto:copyDebugJniLibsProjectOnly
> Task :expo-file-system:mergeDebugJniLibFolders
> Task :expo-file-system:mergeDebugNativeLibs NO-SOURCE
> Task :expo-file-system:copyDebugJniLibsProjectOnly
> Task :react-native-webview:bundleLibRuntimeToDirDebug
> Task :expo-font:mergeDebugJniLibFolders
> Task :expo-font:mergeDebugNativeLibs NO-SOURCE
> Task :expo-font:copyDebugJniLibsProjectOnly
> Task :expo-haptics:mergeDebugJniLibFolders
> Task :expo-haptics:mergeDebugNativeLibs NO-SOURCE
> Task :expo-haptics:copyDebugJniLibsProjectOnly
> Task :expo-keep-awake:mergeDebugJniLibFolders
> Task :expo-keep-awake:mergeDebugNativeLibs NO-SOURCE
> Task :expo-keep-awake:copyDebugJniLibsProjectOnly
> Task :expo-linear-gradient:mergeDebugJniLibFolders
> Task :expo-linear-gradient:mergeDebugNativeLibs NO-SOURCE
> Task :expo-linear-gradient:copyDebugJniLibsProjectOnly
> Task :expo-linking:mergeDebugJniLibFolders
> Task :expo-linking:mergeDebugNativeLibs NO-SOURCE
> Task :expo-linking:copyDebugJniLibsProjectOnly

> Task :expo-modules-core:compileDebugKotlin
w: file:///C:/plexcash-mobile/node_modules/expo-modules-core/android/src/main/java/expo/modules/apploader/AppLoaderProvider.kt:34:52 Unchecked cast of 'java.lang.Class<*>!' to 'java.lang.Class<out expo.modules.apploader.HeadlessAppLoader>'.
w: file:///C:/plexcash-mobile/node_modules/expo-modules-core/android/src/main/java/expo/modules/kotlin/AppContext.kt:30:8 'typealias ErrorManagerModule = JSLoggerModule' is deprecated. Use JSLoggerModule instead.
w: file:///C:/plexcash-mobile/node_modules/expo-modules-core/android/src/main/java/expo/modules/kotlin/AppContext.kt:253:21 'typealias ErrorManagerModule = JSLoggerModule' is deprecated. Use JSLoggerModule instead.
w: file:///C:/plexcash-mobile/node_modules/expo-modules-core/android/src/main/java/expo/modules/kotlin/defaultmodules/NativeModulesProxyModule.kt:16:5 'fun Constants(legacyConstantsProvider: () -> Map<String, Any?>): Unit' is deprecated. Use `Constant` or `Property` instead.
w: file:///C:/plexcash-mobile/node_modules/expo-modules-core/android/src/main/java/expo/modules/kotlin/jni/PromiseImpl.kt:65:51 'val errorManager: JSLoggerModule?' is deprecated. Use AppContext.jsLogger instead.
w: file:///C:/plexcash-mobile/node_modules/expo-modules-core/android/src/main/java/expo/modules/kotlin/jni/PromiseImpl.kt:69:22 'fun reportExceptionToLogBox(codedException: CodedException): Unit' is deprecated. Use appContext.jsLogger.error(...) instead.
w: file:///C:/plexcash-mobile/node_modules/expo-modules-core/android/src/main/java/expo/modules/kotlin/views/ViewDefinitionBuilder.kt:464:16 'val errorManager: JSLoggerModule?' is deprecated. Use AppContext.jsLogger instead.
w: file:///C:/plexcash-mobile/node_modules/expo-modules-core/android/src/main/java/expo/modules/kotlin/views/ViewDefinitionBuilder.kt:464:30 'fun reportExceptionToLogBox(codedException: CodedException): Unit' is deprecated. Use appContext.jsLogger.error(...) instead.
w: file:///C:/plexcash-mobile/node_modules/expo-modules-core/android/src/main/java/expo/modules/kotlin/views/ViewManagerDefinition.kt:41:16 'val errorManager: JSLoggerModule?' is deprecated. Use AppContext.jsLogger instead.
w: file:///C:/plexcash-mobile/node_modules/expo-modules-core/android/src/main/java/expo/modules/kotlin/views/ViewManagerDefinition.kt:41:30 'fun reportExceptionToLogBox(codedException: CodedException): Unit' is deprecated. Use appContext.jsLogger.error(...) instead.

> Task :expo-modules-core:configureCMakeDebug[arm64-v8a]
C/C++: CMake Warning:
C/C++:   Manually-specified variables were not used by the project:
C/C++:     ANDROID_SUPPORT_FLEXIBLE_PAGE_SIZES

> Task :expo-modules-core:compileDebugJavaWithJavac
> Task :expo-modules-core:processDebugJavaRes
> Task :expo-modules-core:bundleLibRuntimeToJarDebug
> Task :expo-modules-core:bundleLibCompileToJarDebug
> Task :expo-modules-core:bundleLibRuntimeToDirDebug
> Task :expo-modules-core:buildCMakeDebug[arm64-v8a]

> Task :expo-application:compileDebugKotlin
w: file:///C:/plexcash-mobile/node_modules/expo-application/android/src/main/java/expo/modules/application/ApplicationModule.kt:27:5 'fun Constants(legacyConstantsProvider: () -> Map<String, Any?>): Unit' is deprecated. Use `Constant` or `Property` instead.

> Task :expo-constants:compileDebugKotlin
w: file:///C:/plexcash-mobile/node_modules/expo-constants/android/src/main/java/expo/modules/constants/ConstantsModule.kt:12:5 'fun Constants(legacyConstantsProvider: () -> Map<String, Any?>): Unit' is deprecated. Use `Constant` or `Property` instead.

> Task :expo-asset:compileDebugKotlin
> Task :expo-crypto:compileDebugKotlin
> Task :expo-application:compileDebugJavaWithJavac
> Task :expo-application:bundleLibCompileToJarDebug
> Task :expo-linear-gradient:compileDebugKotlin
> Task :expo-font:compileDebugKotlin
> Task :expo-keep-awake:compileDebugKotlin
> Task :expo-asset:compileDebugJavaWithJavac
> Task :expo-asset:bundleLibCompileToJarDebug
> Task :expo-constants:compileDebugJavaWithJavac

> Task :expo-secure-store:compileDebugKotlin
w: file:///C:/plexcash-mobile/node_modules/expo-secure-store/android/src/main/java/expo/modules/securestore/SecureStoreModule.kt:5:8 'class PreferenceManager : Any' is deprecated. Deprecated in Java.
w: file:///C:/plexcash-mobile/node_modules/expo-secure-store/android/src/main/java/expo/modules/securestore/SecureStoreModule.kt:247:23 'class PreferenceManager : Any' is deprecated. Deprecated in Java.
w: file:///C:/plexcash-mobile/node_modules/expo-secure-store/android/src/main/java/expo/modules/securestore/SecureStoreModule.kt:247:41 'static fun getDefaultSharedPreferences(p0: Context!): SharedPreferences!' is deprecated. Deprecated in Java.

> Task :expo-haptics:compileDebugKotlin
> Task :expo-constants:bundleLibCompileToJarDebug
> Task :expo-crypto:compileDebugJavaWithJavac
> Task :expo-crypto:bundleLibCompileToJarDebug
> Task :expo-linking:compileDebugKotlin

> Task :expo-file-system:compileDebugKotlin
w: file:///C:/plexcash-mobile/node_modules/expo-file-system/android/src/main/java/expo/modules/filesystem/FileSystemModule.kt:92:5 'fun Constants(vararg constants: Pair<String, Any?>): Unit' is deprecated. Use `Constant` or `Property` instead.
w: file:///C:/plexcash-mobile/node_modules/expo-file-system/android/src/main/java/expo/modules/filesystem/next/FileSystemNextModule.kt:29:5 'fun Constants(vararg constants: Pair<String, Any?>): Unit' is deprecated. Use `Constant` or `Property` instead.

> Task :expo-font:compileDebugJavaWithJavac
> Task :expo-font:bundleLibCompileToJarDebug
> Task :expo-haptics:compileDebugJavaWithJavac
> Task :expo-haptics:bundleLibCompileToJarDebug
> Task :expo-keep-awake:compileDebugJavaWithJavac
> Task :expo-keep-awake:bundleLibCompileToJarDebug
> Task :expo-linear-gradient:compileDebugJavaWithJavac
> Task :expo-file-system:compileDebugJavaWithJavac
> Task :expo-file-system:bundleLibCompileToJarDebug
> Task :expo-linear-gradient:bundleLibCompileToJarDebug
> Task :expo-linking:compileDebugJavaWithJavac
> Task :expo-linking:bundleLibCompileToJarDebug
> Task :expo-secure-store:compileDebugJavaWithJavac
> Task :expo-secure-store:bundleLibCompileToJarDebug
> Task :expo-crypto:bundleLibRuntimeToJarDebug
> Task :expo-application:processDebugJavaRes
> Task :expo-asset:processDebugJavaRes
> Task :expo-secure-store:bundleLibRuntimeToJarDebug
> Task :expo-font:bundleLibRuntimeToJarDebug
> Task :expo-constants:processDebugJavaRes
> Task :expo-constants:bundleLibRuntimeToJarDebug
> Task :expo-application:bundleLibRuntimeToJarDebug
> Task :expo-linking:bundleLibRuntimeToJarDebug
> Task :expo-crypto:processDebugJavaRes
> Task :expo-asset:bundleLibRuntimeToJarDebug
> Task :expo-file-system:processDebugJavaRes
> Task :expo-haptics:bundleLibRuntimeToJarDebug
> Task :expo-keep-awake:bundleLibRuntimeToJarDebug
> Task :expo-font:processDebugJavaRes
> Task :expo-haptics:processDebugJavaRes
> Task :expo-linear-gradient:bundleLibRuntimeToJarDebug
> Task :expo-keep-awake:processDebugJavaRes
> Task :expo-linear-gradient:processDebugJavaRes
> Task :expo-file-system:bundleLibRuntimeToJarDebug
> Task :expo-linking:processDebugJavaRes
> Task :expo-secure-store:processDebugJavaRes
> Task :expo-application:bundleLibRuntimeToDirDebug
> Task :expo-asset:bundleLibRuntimeToDirDebug
> Task :expo-constants:bundleLibRuntimeToDirDebug
> Task :expo-font:bundleLibRuntimeToDirDebug
> Task :expo-haptics:bundleLibRuntimeToDirDebug
> Task :expo-keep-awake:bundleLibRuntimeToDirDebug
> Task :expo-linear-gradient:bundleLibRuntimeToDirDebug
> Task :expo-crypto:bundleLibRuntimeToDirDebug
> Task :expo-linking:bundleLibRuntimeToDirDebug
> Task :expo-secure-store:bundleLibRuntimeToDirDebug
> Task :expo-file-system:bundleLibRuntimeToDirDebug

> Task :expo-web-browser:compileDebugKotlin
w: file:///C:/plexcash-mobile/node_modules/expo-web-browser/android/src/main/java/expo/modules/webbrowser/WebBrowserModule.kt:112:15 'fun setToolbarColor(p0: Int): CustomTabsIntent.Builder' is deprecated. Deprecated in Java.
w: file:///C:/plexcash-mobile/node_modules/expo-web-browser/android/src/main/java/expo/modules/webbrowser/WebBrowserModule.kt:117:15 'fun setSecondaryToolbarColor(p0: Int): CustomTabsIntent.Builder' is deprecated. Deprecated in Java.
w: file:///C:/plexcash-mobile/node_modules/expo-web-browser/android/src/main/java/expo/modules/webbrowser/WebBrowserModule.kt:123:15 'fun addDefaultShareMenuItem(): CustomTabsIntent.Builder' is deprecated. Deprecated in Java.

> Task :expo-modules-core:configureCMakeDebug[armeabi-v7a]
C/C++: CMake Warning:
C/C++:   Manually-specified variables were not used by the project:
C/C++:     ANDROID_SUPPORT_FLEXIBLE_PAGE_SIZES

> Task :expo-web-browser:compileDebugJavaWithJavac
> Task :expo-web-browser:processDebugJavaRes
> Task :expo-web-browser:bundleLibCompileToJarDebug
> Task :expo-web-browser:bundleLibRuntimeToJarDebug
> Task :expo-web-browser:bundleLibRuntimeToDirDebug

> Task :expo:compileDebugKotlin
w: file:///C:/plexcash-mobile/node_modules/expo/android/src/main/java/expo/modules/ReactActivityDelegateWrapper.kt:163:34 'constructor(p0: Activity!, p1: ReactNativeHost!, p2: String?, p3: Bundle?): ReactDelegate' is deprecated. Deprecated in Java.
w: file:///C:/plexcash-mobile/node_modules/expo/android/src/main/java/expo/modules/fetch/NativeResponse.kt:40:16 This declaration overrides a deprecated member but is not marked as deprecated itself. Please add the '@Deprecated' annotation or suppress the diagnostic.
w: file:///C:/plexcash-mobile/node_modules/expo/android/src/main/java/expo/modules/fetch/NativeResponse.kt:42:11 'fun deallocate(): Unit' is deprecated. Use sharedObjectDidRelease() instead.

> Task :expo-modules-core:buildCMakeDebug[armeabi-v7a]
> Task :expo:compileDebugJavaWithJavac
> Task :expo:processDebugJavaRes
> Task :expo-modules-core:mergeDebugJniLibFolders
> Task :expo:bundleLibCompileToJarDebug
> Task :expo:bundleLibRuntimeToJarDebug
> Task :expo:bundleLibRuntimeToDirDebug
> Task :expo-secure-store:mergeDebugJniLibFolders
> Task :expo-secure-store:mergeDebugNativeLibs NO-SOURCE
> Task :expo-secure-store:copyDebugJniLibsProjectOnly
> Task :expo-web-browser:mergeDebugJniLibFolders
> Task :expo-web-browser:mergeDebugNativeLibs NO-SOURCE
> Task :expo-web-browser:copyDebugJniLibsProjectOnly
> Task :react-native-async-storage_async-storage:mergeDebugJniLibFolders
> Task :react-native-async-storage_async-storage:mergeDebugNativeLibs NO-SOURCE
> Task :react-native-async-storage_async-storage:copyDebugJniLibsProjectOnly
> Task :expo-modules-core:mergeDebugNativeLibs
> Task :react-native-ble-plx:mergeDebugJniLibFolders
> Task :react-native-ble-plx:mergeDebugNativeLibs NO-SOURCE
> Task :react-native-ble-plx:copyDebugJniLibsProjectOnly
> Task :react-native-gesture-handler:mergeDebugJniLibFolders
> Task :react-native-gesture-handler:mergeDebugNativeLibs NO-SOURCE
> Task :react-native-gesture-handler:copyDebugJniLibsProjectOnly
> Task :react-native-print:mergeDebugJniLibFolders
> Task :react-native-print:mergeDebugNativeLibs NO-SOURCE
> Task :react-native-print:copyDebugJniLibsProjectOnly
> Task :expo-modules-core:copyDebugJniLibsProjectOnly
> Task :app:compileDebugKotlin
> Task :react-native-reanimated:configureCMakeDebug[arm64-v8a]
> Task :app:compileDebugJavaWithJavac
> Task :app:dexBuilderDebug
> Task :app:processDebugJavaRes
> Task :app:mergeDebugGlobalSynthetics
> Task :app:mergeProjectDexDebug
> Task :app:mergeLibDexDebug
> Task :app:mergeDebugJavaResource
> Task :react-native-reanimated:buildCMakeDebug[arm64-v8a]
> Task :react-native-reanimated:configureCMakeDebug[armeabi-v7a]
> Task :react-native-reanimated:buildCMakeDebug[armeabi-v7a]
> Task :react-native-reanimated:mergeDebugJniLibFolders
> Task :react-native-safe-area-context:mergeDebugJniLibFolders
> Task :react-native-safe-area-context:mergeDebugNativeLibs NO-SOURCE
> Task :react-native-safe-area-context:copyDebugJniLibsProjectOnly
> Task :react-native-reanimated:mergeDebugNativeLibs
> Task :react-native-screens:configureCMakeDebug[arm64-v8a]
> Task :react-native-reanimated:copyDebugJniLibsProjectOnly
> Task :react-native-screens:buildCMakeDebug[arm64-v8a]
> Task :react-native-screens:configureCMakeDebug[armeabi-v7a]
> Task :react-native-screens:buildCMakeDebug[armeabi-v7a]
> Task :react-native-screens:mergeDebugJniLibFolders
> Task :react-native-share:mergeDebugJniLibFolders
> Task :react-native-share:mergeDebugNativeLibs NO-SOURCE
> Task :react-native-share:copyDebugJniLibsProjectOnly
> Task :react-native-screens:mergeDebugNativeLibs

> Task :react-native-vision-camera:configureCMakeDebug[arm64-v8a]
C/C++: VisionCamera: Frame Processors: OFF!
C/C++: CMake Warning:
C/C++:   Manually-specified variables were not used by the project:
C/C++:     ANDROID_SUPPORT_FLEXIBLE_PAGE_SIZES

> Task :react-native-screens:copyDebugJniLibsProjectOnly
> Task :react-native-vision-camera:buildCMakeDebug[arm64-v8a]

> Task :react-native-vision-camera:configureCMakeDebug[armeabi-v7a]
C/C++: VisionCamera: Frame Processors: OFF!
C/C++: CMake Warning:
C/C++:   Manually-specified variables were not used by the project:
C/C++:     ANDROID_SUPPORT_FLEXIBLE_PAGE_SIZES

> Task :react-native-vision-camera:buildCMakeDebug[armeabi-v7a]
> Task :react-native-vision-camera:mergeDebugJniLibFolders
> Task :react-native-webview:mergeDebugJniLibFolders
> Task :react-native-webview:mergeDebugNativeLibs NO-SOURCE
> Task :react-native-webview:copyDebugJniLibsProjectOnly
> Task :app:validateSigningDebug
> Task :app:writeDebugAppMetadata
> Task :react-native-vision-camera:mergeDebugNativeLibs
> Task :app:writeDebugSigningConfigVersions
> Task :react-native-vision-camera:copyDebugJniLibsProjectOnly
> Task :app:mergeDebugNativeLibs
> Task :app:stripDebugDebugSymbols
> Task :app:packageDebug
> Task :app:createDebugApkListingFileRedirect
> Task :app:assembleDebug

BUILD SUCCESSFUL in 3m
574 actionable tasks: 251 executed, 5 from cache, 318 up-to-date
Starting Metro Bundler
Waiting on http://localhost:8081
› Installing C:\plexcash-mobile\android\app\build\outputs\apk\debug\app-debug.apk
Error: adb.exe: failed to install C:\plexcash-mobile\android\app\build\outputs\apk\debug\app-debug.apk: Failure [INSTALL_FAILED_UPDATE_INCOMPATIBLE: Existing package com.plexcash.mobile signatures do not match newer version; ignoring!]
Error: D:\android_sdk/platform-tools/adb -s RRCN2004Z3V install -r -d --user 0 C:\plexcash-mobile\android\app\build\outputs\apk\debug\app-debug.apk exited with non-zero code: 1
    at ChildProcess.completionListener (C:\plexcash-mobile\node_modules\@expo\spawn-async\src\spawnAsync.ts:67:13)
    at Object.onceWrapper (node:events:632:26)
    at ChildProcess.emit (node:events:517:28)
    at ChildProcess.cp.emit (C:\plexcash-mobile\node_modules\cross-spawn\lib\enoent.js:34:29)
    at maybeClose (node:internal/child_process:1098:16)
    at Process.ChildProcess._handle.onexit (node:internal/child_process:303:5)
    ...
    at spawnAsync (C:\plexcash-mobile\node_modules\@expo\spawn-async\src\spawnAsync.ts:28:21)
    at ADBServer.runAsync (C:\plexcash-mobile\node_modules\@expo\cli\src\start\platforms\android\ADBServer.ts:85:59)
    at Object.installAsync (C:\plexcash-mobile\node_modules\@expo\cli\src\start\platforms\android\adb.ts:223:10)
    at AndroidDeviceManager.installAppAsync (C:\plexcash-mobile\node_modules\@expo\cli\src\start\platforms\android\AndroidDeviceManager.ts:85:5)
    at installAppAsync (C:\plexcash-mobile\node_modules\@expo\cli\src\run\android\runAndroidAsync.ts:108:5)
    at runAndroidAsync (C:\plexcash-mobile\node_modules\@expo\cli\src\run\android\runAndroidAsync.ts:80:5)
