
> plexcash-mobile@1.0.0 android
> expo run:android

env: load .env
env: export EXPO_PUBLIC_API_BASE_URL API_BASE_URL EXPO_PUBLIC_SIMULATE_BACKEND EXPO_PUBLIC_APP_NAME EXPO_PUBLIC_APP_VERSION EXPO_PUBLIC_DEBUG_MODE EXPO_PUBLIC_LOG_LEVEL
env: load .env
env: export EXPO_PUBLIC_API_BASE_URL API_BASE_URL EXPO_PUBLIC_SIMULATE_BACKEND EXPO_PUBLIC_APP_NAME EXPO_PUBLIC_APP_VERSION EXPO_PUBLIC_DEBUG_MODE EXPO_PUBLIC_LOG_LEVEL
- Creating native directory (./android)
✔ Created native directory
- Updating package.json
› Using current versions instead of recommended react-native@0.76.9.
- Updating package.json
✔ Updated package.json | no changes
- Running prebuild
» android: userInterfaceStyle: Install expo-system-ui in your project to enable this feature.
- Running prebuild
✔ Finished prebuild
› Building app...
Configuration on demand is an incubating feature.
> Task :gradle-plugin:settings-plugin:checkKotlinGradlePluginConfigurationErrors
> Task :gradle-plugin:shared:checkKotlinGradlePluginConfigurationErrors
> Task :gradle-plugin:shared:compileKotlin UP-TO-DATE
> Task :gradle-plugin:shared:compileJava NO-SOURCE
> Task :gradle-plugin:shared:processResources NO-SOURCE
> Task :gradle-plugin:shared:classes UP-TO-DATE
> Task :gradle-plugin:shared:jar UP-TO-DATE
> Task :gradle-plugin:settings-plugin:compileKotlin UP-TO-DATE
> Task :gradle-plugin:settings-plugin:compileJava NO-SOURCE
> Task :gradle-plugin:settings-plugin:pluginDescriptors UP-TO-DATE
> Task :gradle-plugin:settings-plugin:processResources UP-TO-DATE
> Task :gradle-plugin:settings-plugin:classes UP-TO-DATE
> Task :gradle-plugin:settings-plugin:jar UP-TO-DATE
> Task :gradle-plugin:react-native-gradle-plugin:checkKotlinGradlePluginConfigurationErrors
> Task :expo-module-gradle-plugin:checkKotlinGradlePluginConfigurationErrors SKIPPED
> Task :expo-module-gradle-plugin:pluginDescriptors UP-TO-DATE
> Task :expo-module-gradle-plugin:processResources UP-TO-DATE
> Task :gradle-plugin:react-native-gradle-plugin:compileKotlin UP-TO-DATE
> Task :gradle-plugin:react-native-gradle-plugin:compileJava NO-SOURCE
> Task :gradle-plugin:react-native-gradle-plugin:pluginDescriptors UP-TO-DATE
> Task :gradle-plugin:react-native-gradle-plugin:processResources UP-TO-DATE
> Task :gradle-plugin:react-native-gradle-plugin:classes UP-TO-DATE
> Task :gradle-plugin:react-native-gradle-plugin:jar UP-TO-DATE
> Task :expo-module-gradle-plugin:compileKotlin
> Task :expo-module-gradle-plugin:compileJava NO-SOURCE
> Task :expo-module-gradle-plugin:classes UP-TO-DATE
> Task :expo-module-gradle-plugin:jar

> Configure project :app
 ??  [33mApplying gradle plugin[0m '[32mexpo-module-gradle-plugin[0m' (expo-modules-core@3.0.24)
Property 'kspVersion' is not defined. Using default value: '2.0.21-1.0.28'. Please ensure the 'expo-root-project' plugin is applied to your root project.

> Configure project :expo

Using expo modules
  - [32mexpo-application[0m (6.0.2)
  - [32mexpo-asset[0m (11.0.5)
  - [32mexpo-constants[0m (17.0.8)
  - [32mexpo-crypto[0m (14.0.2)
  - [32mexpo-file-system[0m (18.0.12)
  - [32mexpo-font[0m (13.0.4)
  - [32mexpo-haptics[0m (14.0.1)
  - [32mexpo-keep-awake[0m (14.0.3)
  - [32mexpo-linear-gradient[0m (14.0.2)
  - [32mexpo-linking[0m (7.0.5)
  - [32mexpo-modules-core[0m (3.0.24)
  - [32mexpo-secure-store[0m (14.0.1)
  - [32mexpo-web-browser[0m (14.0.2)


> Configure project :react-native-reanimated
Android gradle plugin: 8.6.0
Gradle: 8.10.2

> Configure project :react-native-vision-camera
[VisionCamera] Thank you for using VisionCamera ??
[VisionCamera] If you enjoy using VisionCamera, please consider sponsoring this project: https://github.com/sponsors/mrousavy
[VisionCamera] node_modules found at C:\plexcash-mobile\node_modules
[VisionCamera] VisionCamera_enableFrameProcessors is set to true!
[VisionCamera] react-native-worklets-core not found, Frame Processors are disabled!
[VisionCamera] VisionCamera_enableCodeScanner is set to false!
WARNING: The specified Android SDK Build Tools version (31.0.0) is ignored, as it is below the minimum supported version (34.0.0) for Android Gradle Plugin 8.6.0.
Android SDK Build Tools 34.0.0 will be used.
To suppress this warning, remove "buildToolsVersion '31.0.0'" from your build.gradle file, as each version of the Android Gradle Plugin now has a default version of the build tools.

> Task :app:generateAutolinkingPackageList
> Task :app:generateCodegenSchemaFromJavaScript SKIPPED
> Task :app:generateCodegenArtifactsFromSchema SKIPPED
> Task :app:preBuild
> Task :app:preDebugBuild
> Task :app:mergeDebugNativeDebugMetadata NO-SOURCE
> Task :app:checkKotlinGradlePluginConfigurationErrors SKIPPED
> Task :app:generateDebugBuildConfig
> Task :expo:generateExpoModulesPackageListTask
> Task :expo:preBuild
> Task :expo:preDebugBuild
> Task :expo-application:preBuild UP-TO-DATE
> Task :expo-application:preDebugBuild UP-TO-DATE
> Task :expo-asset:preBuild UP-TO-DATE
> Task :expo-asset:preDebugBuild UP-TO-DATE
> Task :expo-application:writeDebugAarMetadata
> Task :expo-asset:writeDebugAarMetadata
> Task :expo:writeDebugAarMetadata
> Task :expo-constants:createExpoConfig
> Task :expo-constants:preBuild
> Task :expo-constants:preDebugBuild
> Task :expo-crypto:preBuild UP-TO-DATE
> Task :expo-crypto:preDebugBuild UP-TO-DATE
> Task :expo-constants:writeDebugAarMetadata
> Task :expo-file-system:preBuild UP-TO-DATE
> Task :expo-file-system:preDebugBuild UP-TO-DATE
> Task :expo-crypto:writeDebugAarMetadata
> Task :expo-font:preBuild UP-TO-DATE
> Task :expo-font:preDebugBuild UP-TO-DATE
> Task :expo-file-system:writeDebugAarMetadata
> Task :expo-haptics:preBuild UP-TO-DATE
> Task :expo-haptics:preDebugBuild UP-TO-DATE
> Task :expo-font:writeDebugAarMetadata
> Task :expo-keep-awake:preBuild UP-TO-DATE
> Task :expo-keep-awake:preDebugBuild UP-TO-DATE
> Task :expo-haptics:writeDebugAarMetadata
> Task :expo-linear-gradient:preBuild UP-TO-DATE
> Task :expo-linear-gradient:preDebugBuild UP-TO-DATE
> Task :expo-keep-awake:writeDebugAarMetadata
> Task :expo-linking:preBuild UP-TO-DATE
> Task :expo-linking:preDebugBuild UP-TO-DATE
> Task :expo-linear-gradient:writeDebugAarMetadata
> Task :expo-modules-core:preBuild UP-TO-DATE
> Task :expo-modules-core:preDebugBuild UP-TO-DATE
> Task :expo-linking:writeDebugAarMetadata
> Task :expo-secure-store:preBuild UP-TO-DATE
> Task :expo-secure-store:preDebugBuild UP-TO-DATE
> Task :expo-modules-core:writeDebugAarMetadata
> Task :expo-web-browser:preBuild UP-TO-DATE
> Task :expo-web-browser:preDebugBuild UP-TO-DATE
> Task :expo-secure-store:writeDebugAarMetadata
> Task :react-native-async-storage_async-storage:preBuild UP-TO-DATE
> Task :react-native-async-storage_async-storage:preDebugBuild UP-TO-DATE
> Task :expo-web-browser:writeDebugAarMetadata
> Task :react-native-ble-plx:preBuild UP-TO-DATE
> Task :react-native-ble-plx:preDebugBuild UP-TO-DATE
> Task :react-native-async-storage_async-storage:writeDebugAarMetadata
> Task :react-native-gesture-handler:preBuild UP-TO-DATE
> Task :react-native-gesture-handler:preDebugBuild UP-TO-DATE
> Task :react-native-ble-plx:writeDebugAarMetadata
> Task :react-native-print:preBuild UP-TO-DATE
> Task :react-native-print:preDebugBuild UP-TO-DATE
> Task :react-native-gesture-handler:writeDebugAarMetadata
> Task :react-native-reanimated:assertLatestReactNativeWithNewArchitectureTask SKIPPED
> Task :react-native-reanimated:assertMinimalReactNativeVersionTask SKIPPED
> Task :react-native-print:writeDebugAarMetadata
> Task :react-native-reanimated:prepareReanimatedHeadersForPrefabs
> Task :react-native-reanimated:prepareWorkletsHeadersForPrefabs
> Task :react-native-reanimated:preBuild
> Task :react-native-reanimated:preDebugBuild
> Task :react-native-safe-area-context:preBuild UP-TO-DATE
> Task :react-native-safe-area-context:preDebugBuild UP-TO-DATE
> Task :react-native-reanimated:writeDebugAarMetadata
> Task :react-native-screens:preBuild UP-TO-DATE
> Task :react-native-screens:preDebugBuild UP-TO-DATE
> Task :react-native-safe-area-context:writeDebugAarMetadata
> Task :react-native-share:preBuild UP-TO-DATE
> Task :react-native-share:preDebugBuild UP-TO-DATE
> Task :react-native-screens:writeDebugAarMetadata
> Task :react-native-share:writeDebugAarMetadata
> Task :react-native-vision-camera:prepareHeaders
> Task :react-native-vision-camera:preBuild
> Task :react-native-vision-camera:preDebugBuild
> Task :react-native-webview:preBuild UP-TO-DATE
> Task :react-native-webview:preDebugBuild UP-TO-DATE
> Task :react-native-vision-camera:writeDebugAarMetadata
> Task :react-native-webview:writeDebugAarMetadata
> Task :app:generateDebugResValues
> Task :expo:generateDebugResValues
> Task :expo:generateDebugResources
> Task :app:checkDebugAarMetadata
> Task :expo:packageDebugResources
> Task :expo-application:generateDebugResValues FROM-CACHE
> Task :expo-application:generateDebugResources FROM-CACHE
> Task :expo-application:packageDebugResources
> Task :expo-asset:generateDebugResValues FROM-CACHE
> Task :expo-asset:generateDebugResources FROM-CACHE
> Task :expo-asset:packageDebugResources
> Task :expo-constants:generateDebugResValues FROM-CACHE
> Task :expo-constants:generateDebugResources FROM-CACHE
> Task :expo-constants:packageDebugResources
> Task :expo-crypto:generateDebugResValues FROM-CACHE
> Task :expo-crypto:generateDebugResources FROM-CACHE
> Task :expo-crypto:packageDebugResources
> Task :expo-file-system:generateDebugResValues FROM-CACHE
> Task :expo-file-system:generateDebugResources
> Task :expo-file-system:packageDebugResources
> Task :expo-font:generateDebugResValues FROM-CACHE
> Task :expo-font:generateDebugResources FROM-CACHE
> Task :expo-font:packageDebugResources
> Task :expo-haptics:generateDebugResValues FROM-CACHE
> Task :expo-haptics:generateDebugResources FROM-CACHE
> Task :expo-haptics:packageDebugResources
> Task :expo-keep-awake:generateDebugResValues FROM-CACHE
> Task :expo-keep-awake:generateDebugResources FROM-CACHE
> Task :expo-keep-awake:packageDebugResources
> Task :expo-linear-gradient:generateDebugResValues FROM-CACHE
> Task :expo-linear-gradient:generateDebugResources FROM-CACHE
> Task :expo-linear-gradient:packageDebugResources
> Task :expo-linking:generateDebugResValues FROM-CACHE
> Task :expo-linking:generateDebugResources FROM-CACHE
> Task :expo-linking:packageDebugResources
> Task :expo-modules-core:generateDebugResValues FROM-CACHE
> Task :expo-modules-core:generateDebugResources FROM-CACHE
> Task :expo-modules-core:packageDebugResources
> Task :expo-secure-store:generateDebugResValues FROM-CACHE
> Task :expo-secure-store:generateDebugResources
> Task :expo-secure-store:packageDebugResources
> Task :expo-web-browser:generateDebugResValues FROM-CACHE
> Task :expo-web-browser:generateDebugResources FROM-CACHE
> Task :expo-web-browser:packageDebugResources
> Task :react-native-async-storage_async-storage:generateDebugResValues FROM-CACHE
> Task :react-native-async-storage_async-storage:generateDebugResources FROM-CACHE
> Task :react-native-async-storage_async-storage:packageDebugResources
> Task :react-native-ble-plx:generateDebugResValues FROM-CACHE
> Task :react-native-ble-plx:generateDebugResources FROM-CACHE
> Task :react-native-ble-plx:packageDebugResources
> Task :react-native-gesture-handler:generateDebugResValues FROM-CACHE
> Task :react-native-gesture-handler:generateDebugResources FROM-CACHE
> Task :react-native-gesture-handler:packageDebugResources
> Task :react-native-print:generateDebugResValues FROM-CACHE
> Task :react-native-print:generateDebugResources FROM-CACHE
> Task :react-native-print:packageDebugResources
> Task :react-native-reanimated:generateDebugResValues FROM-CACHE
> Task :react-native-reanimated:generateDebugResources FROM-CACHE
> Task :react-native-reanimated:packageDebugResources
> Task :react-native-safe-area-context:generateDebugResValues FROM-CACHE
> Task :react-native-safe-area-context:generateDebugResources FROM-CACHE
> Task :react-native-safe-area-context:packageDebugResources
> Task :react-native-screens:generateDebugResValues FROM-CACHE
> Task :react-native-screens:generateDebugResources
> Task :react-native-screens:packageDebugResources
> Task :react-native-share:generateDebugResValues FROM-CACHE
> Task :react-native-share:generateDebugResources
> Task :react-native-share:packageDebugResources
> Task :react-native-vision-camera:generateDebugResValues FROM-CACHE
> Task :react-native-vision-camera:generateDebugResources FROM-CACHE
> Task :react-native-vision-camera:packageDebugResources
> Task :react-native-webview:generateDebugResValues FROM-CACHE
> Task :react-native-webview:generateDebugResources
> Task :react-native-webview:packageDebugResources
> Task :app:mapDebugSourceSetPaths
> Task :app:generateDebugResources
> Task :app:packageDebugResources
> Task :app:createDebugCompatibleScreenManifests
> Task :app:extractDeepLinksDebug
> Task :expo:extractDeepLinksDebug FROM-CACHE
> Task :expo-application:extractDeepLinksDebug FROM-CACHE
> Task :expo-asset:extractDeepLinksDebug FROM-CACHE
> Task :expo-constants:extractDeepLinksDebug FROM-CACHE
> Task :expo-crypto:extractDeepLinksDebug FROM-CACHE
> Task :expo-file-system:extractDeepLinksDebug FROM-CACHE
> Task :expo-font:extractDeepLinksDebug FROM-CACHE
> Task :app:parseDebugLocalResources
> Task :expo-haptics:extractDeepLinksDebug FROM-CACHE
> Task :expo-keep-awake:extractDeepLinksDebug FROM-CACHE
> Task :expo-font:processDebugManifest
> Task :expo-application:processDebugManifest
> Task :expo-linear-gradient:extractDeepLinksDebug FROM-CACHE

> Task :expo-file-system:processDebugManifest
C:\plexcash-mobile\node_modules\expo-file-system\android\src\main\AndroidManifest.xml:6:9-8:20 Warning:
	provider#expo.modules.filesystem.FileSystemFileProvider@android:authorities was tagged at AndroidManifest.xml:6 to replace other declarations but no other declaration present

> Task :expo-crypto:processDebugManifest
> Task :expo:processDebugManifest
> Task :expo-asset:processDebugManifest
> Task :expo-haptics:processDebugManifest
> Task :expo-linking:extractDeepLinksDebug FROM-CACHE
> Task :expo-keep-awake:processDebugManifest
> Task :expo-modules-core:extractDeepLinksDebug FROM-CACHE
> Task :expo-constants:processDebugManifest
> Task :expo-secure-store:extractDeepLinksDebug FROM-CACHE
> Task :expo-linear-gradient:processDebugManifest
> Task :expo-linking:processDebugManifest
> Task :expo-web-browser:extractDeepLinksDebug FROM-CACHE

> Task :expo-modules-core:processDebugManifest
C:\plexcash-mobile\node_modules\expo-modules-core\android\src\main\AndroidManifest.xml:8:9-11:45 Warning:
	meta-data#com.facebook.soloader.enabled@android:value was tagged at AndroidManifest.xml:8 to replace other declarations but no other declaration present

> Task :react-native-async-storage_async-storage:extractDeepLinksDebug FROM-CACHE
> Task :expo-secure-store:processDebugManifest
> Task :react-native-ble-plx:extractDeepLinksDebug FROM-CACHE
> Task :react-native-gesture-handler:extractDeepLinksDebug FROM-CACHE
> Task :expo-web-browser:processDebugManifest
> Task :react-native-print:extractDeepLinksDebug FROM-CACHE
> Task :react-native-reanimated:extractDeepLinksDebug FROM-CACHE
> Task :react-native-ble-plx:processDebugManifest

> Task :react-native-async-storage_async-storage:processDebugManifest
package="com.reactnativecommunity.asyncstorage" found in source AndroidManifest.xml: C:\plexcash-mobile\node_modules\@react-native-async-storage\async-storage\android\src\main\AndroidManifest.xml.
Setting the namespace via the package attribute in the source AndroidManifest.xml is no longer supported, and the value is ignored.
Recommendation: remove package="com.reactnativecommunity.asyncstorage" from the source AndroidManifest.xml: C:\plexcash-mobile\node_modules\@react-native-async-storage\async-storage\android\src\main\AndroidManifest.xml.

> Task :react-native-gesture-handler:processDebugManifest
> Task :react-native-safe-area-context:extractDeepLinksDebug FROM-CACHE

> Task :react-native-print:processDebugManifest
package="com.christopherdro.RNPrint" found in source AndroidManifest.xml: C:\plexcash-mobile\node_modules\react-native-print\android\src\main\AndroidManifest.xml.
Setting the namespace via the package attribute in the source AndroidManifest.xml is no longer supported, and the value is ignored.
Recommendation: remove package="com.christopherdro.RNPrint" from the source AndroidManifest.xml: C:\plexcash-mobile\node_modules\react-native-print\android\src\main\AndroidManifest.xml.

> Task :react-native-screens:extractDeepLinksDebug FROM-CACHE
> Task :react-native-share:extractDeepLinksDebug FROM-CACHE
> Task :react-native-reanimated:processDebugManifest
> Task :react-native-vision-camera:extractDeepLinksDebug FROM-CACHE

> Task :react-native-safe-area-context:processDebugManifest
package="com.th3rdwave.safeareacontext" found in source AndroidManifest.xml: C:\plexcash-mobile\node_modules\react-native-safe-area-context\android\src\main\AndroidManifest.xml.
Setting the namespace via the package attribute in the source AndroidManifest.xml is no longer supported, and the value is ignored.
Recommendation: remove package="com.th3rdwave.safeareacontext" from the source AndroidManifest.xml: C:\plexcash-mobile\node_modules\react-native-safe-area-context\android\src\main\AndroidManifest.xml.

> Task :react-native-screens:processDebugManifest
package="com.swmansion.rnscreens" found in source AndroidManifest.xml: C:\plexcash-mobile\node_modules\react-native-screens\android\src\main\AndroidManifest.xml.
Setting the namespace via the package attribute in the source AndroidManifest.xml is no longer supported, and the value is ignored.
Recommendation: remove package="com.swmansion.rnscreens" from the source AndroidManifest.xml: C:\plexcash-mobile\node_modules\react-native-screens\android\src\main\AndroidManifest.xml.

> Task :react-native-webview:extractDeepLinksDebug FROM-CACHE

> Task :react-native-share:processDebugManifest
package="cl.json" found in source AndroidManifest.xml: C:\plexcash-mobile\node_modules\react-native-share\android\src\main\AndroidManifest.xml.
Setting the namespace via the package attribute in the source AndroidManifest.xml is no longer supported, and the value is ignored.
Recommendation: remove package="cl.json" from the source AndroidManifest.xml: C:\plexcash-mobile\node_modules\react-native-share\android\src\main\AndroidManifest.xml.

> Task :react-native-vision-camera:processDebugManifest
> Task :react-native-webview:processDebugManifest
> Task :expo:compileDebugLibraryResources

> Task :app:processDebugMainManifest
C:\plexcash-mobile\android\app\src\debug\AndroidManifest.xml:6:5-162 Warning:
	application@android:usesCleartextTraffic was tagged at AndroidManifest.xml:6 to replace other declarations but no other declaration present
C:\plexcash-mobile\android\app\src\debug\AndroidManifest.xml Warning:
	provider#expo.modules.filesystem.FileSystemFileProvider@android:authorities was tagged at AndroidManifest.xml:0 to replace other declarations but no other declaration present

> Task :app:processDebugManifest
> Task :app:mergeDebugResources
> Task :expo-application:compileDebugLibraryResources FROM-CACHE
> Task :expo-asset:compileDebugLibraryResources FROM-CACHE
> Task :expo:parseDebugLocalResources
> Task :expo-asset:parseDebugLocalResources FROM-CACHE
> Task :expo-application:parseDebugLocalResources
> Task :expo-constants:compileDebugLibraryResources FROM-CACHE
> Task :expo-constants:parseDebugLocalResources FROM-CACHE
> Task :expo-crypto:compileDebugLibraryResources FROM-CACHE
> Task :expo-crypto:parseDebugLocalResources FROM-CACHE
> Task :expo-font:compileDebugLibraryResources FROM-CACHE
> Task :expo-font:parseDebugLocalResources FROM-CACHE
> Task :expo-file-system:parseDebugLocalResources
> Task :expo:generateDebugRFile
> Task :expo-file-system:compileDebugLibraryResources
> Task :expo-application:generateDebugRFile
> Task :expo-asset:generateDebugRFile
> Task :expo-constants:generateDebugRFile
> Task :expo-crypto:generateDebugRFile
> Task :expo-haptics:compileDebugLibraryResources FROM-CACHE
> Task :expo-haptics:parseDebugLocalResources FROM-CACHE
> Task :expo-font:generateDebugRFile
> Task :expo-keep-awake:compileDebugLibraryResources FROM-CACHE
> Task :expo-keep-awake:parseDebugLocalResources FROM-CACHE
> Task :expo-haptics:generateDebugRFile
> Task :expo-linear-gradient:compileDebugLibraryResources FROM-CACHE
> Task :expo-linear-gradient:parseDebugLocalResources FROM-CACHE
> Task :expo-file-system:generateDebugRFile
> Task :expo-keep-awake:generateDebugRFile
> Task :expo-linking:compileDebugLibraryResources FROM-CACHE
> Task :expo-linking:parseDebugLocalResources FROM-CACHE
> Task :expo-modules-core:compileDebugLibraryResources FROM-CACHE
> Task :expo-modules-core:parseDebugLocalResources FROM-CACHE
> Task :expo-linear-gradient:generateDebugRFile
> Task :expo-linking:generateDebugRFile
> Task :expo-web-browser:compileDebugLibraryResources FROM-CACHE
> Task :expo-web-browser:parseDebugLocalResources FROM-CACHE
> Task :expo-secure-store:compileDebugLibraryResources
> Task :expo-modules-core:generateDebugRFile
> Task :expo-secure-store:parseDebugLocalResources
> Task :react-native-async-storage_async-storage:compileDebugLibraryResources FROM-CACHE
> Task :react-native-async-storage_async-storage:parseDebugLocalResources FROM-CACHE
> Task :expo-web-browser:generateDebugRFile
> Task :app:processDebugManifestForPackage
> Task :react-native-ble-plx:compileDebugLibraryResources FROM-CACHE
> Task :react-native-ble-plx:parseDebugLocalResources FROM-CACHE
> Task :react-native-gesture-handler:compileDebugLibraryResources FROM-CACHE
> Task :expo-secure-store:generateDebugRFile
> Task :react-native-gesture-handler:parseDebugLocalResources FROM-CACHE
> Task :react-native-async-storage_async-storage:generateDebugRFile
> Task :react-native-ble-plx:generateDebugRFile
> Task :react-native-print:compileDebugLibraryResources FROM-CACHE
> Task :react-native-gesture-handler:generateDebugRFile
> Task :react-native-reanimated:compileDebugLibraryResources FROM-CACHE
> Task :react-native-reanimated:parseDebugLocalResources FROM-CACHE
> Task :react-native-print:parseDebugLocalResources
> Task :react-native-safe-area-context:compileDebugLibraryResources FROM-CACHE
> Task :react-native-safe-area-context:parseDebugLocalResources FROM-CACHE
> Task :react-native-reanimated:generateDebugRFile
> Task :react-native-print:generateDebugRFile
> Task :react-native-vision-camera:compileDebugLibraryResources FROM-CACHE
> Task :react-native-screens:parseDebugLocalResources
> Task :react-native-share:compileDebugLibraryResources
> Task :react-native-safe-area-context:generateDebugRFile
> Task :react-native-vision-camera:parseDebugLocalResources FROM-CACHE
> Task :react-native-share:parseDebugLocalResources
> Task :expo:checkKotlinGradlePluginConfigurationErrors SKIPPED
> Task :expo:generateDebugBuildConfig
> Task :expo-application:checkKotlinGradlePluginConfigurationErrors SKIPPED
> Task :react-native-webview:compileDebugLibraryResources
> Task :react-native-webview:parseDebugLocalResources
> Task :expo-application:generateDebugBuildConfig
> Task :react-native-vision-camera:generateDebugRFile
> Task :react-native-screens:generateDebugRFile
> Task :react-native-share:generateDebugRFile
> Task :expo-modules-core:checkKotlinGradlePluginConfigurationErrors SKIPPED
> Task :expo-modules-core:generateDebugBuildConfig
> Task :react-native-webview:generateDebugRFile
> Task :react-native-screens:compileDebugLibraryResources
> Task :expo-asset:checkKotlinGradlePluginConfigurationErrors SKIPPED
> Task :expo-modules-core:javaPreCompileDebug
> Task :expo-application:javaPreCompileDebug
> Task :expo-asset:generateDebugBuildConfig
> Task :expo-asset:javaPreCompileDebug FROM-CACHE
> Task :expo-constants:checkKotlinGradlePluginConfigurationErrors SKIPPED
> Task :expo-constants:generateDebugBuildConfig
> Task :expo-constants:javaPreCompileDebug FROM-CACHE
> Task :expo-crypto:checkKotlinGradlePluginConfigurationErrors SKIPPED
> Task :expo-crypto:generateDebugBuildConfig
> Task :expo-crypto:javaPreCompileDebug FROM-CACHE
> Task :expo-file-system:checkKotlinGradlePluginConfigurationErrors SKIPPED
> Task :expo-file-system:generateDebugBuildConfig
> Task :expo-file-system:javaPreCompileDebug FROM-CACHE
> Task :expo-font:checkKotlinGradlePluginConfigurationErrors SKIPPED
> Task :expo-font:generateDebugBuildConfig
> Task :expo-font:javaPreCompileDebug FROM-CACHE
> Task :expo-haptics:checkKotlinGradlePluginConfigurationErrors SKIPPED
> Task :expo-haptics:generateDebugBuildConfig
> Task :expo-haptics:javaPreCompileDebug FROM-CACHE
> Task :expo-keep-awake:checkKotlinGradlePluginConfigurationErrors SKIPPED
> Task :expo-keep-awake:generateDebugBuildConfig
> Task :expo-keep-awake:javaPreCompileDebug FROM-CACHE
> Task :expo-linear-gradient:checkKotlinGradlePluginConfigurationErrors SKIPPED
> Task :expo-linear-gradient:generateDebugBuildConfig
> Task :expo-linear-gradient:javaPreCompileDebug FROM-CACHE
> Task :expo-linking:checkKotlinGradlePluginConfigurationErrors SKIPPED
> Task :expo-linking:generateDebugBuildConfig
> Task :expo-linking:javaPreCompileDebug FROM-CACHE
> Task :expo-secure-store:checkKotlinGradlePluginConfigurationErrors SKIPPED
> Task :expo-secure-store:generateDebugBuildConfig
> Task :expo-secure-store:javaPreCompileDebug FROM-CACHE
> Task :expo-web-browser:checkKotlinGradlePluginConfigurationErrors SKIPPED
> Task :expo-web-browser:generateDebugBuildConfig
> Task :expo-web-browser:javaPreCompileDebug FROM-CACHE
> Task :expo:javaPreCompileDebug FROM-CACHE
> Task :react-native-async-storage_async-storage:generateDebugBuildConfig
> Task :react-native-async-storage_async-storage:javaPreCompileDebug FROM-CACHE
> Task :app:processDebugResources

> Task :react-native-async-storage_async-storage:compileDebugJavaWithJavac
Note: Some input files use or override a deprecated API.
Note: Recompile with -Xlint:deprecation for details.
Note: C:\plexcash-mobile\node_modules\@react-native-async-storage\async-storage\android\src\javaPackage\java\com\reactnativecommunity\asyncstorage\AsyncStoragePackage.java uses unchecked or unsafe operations.
Note: Recompile with -Xlint:unchecked for details.

> Task :react-native-ble-plx:generateDebugBuildConfig
> Task :react-native-ble-plx:javaPreCompileDebug FROM-CACHE
> Task :react-native-async-storage_async-storage:bundleLibCompileToJarDebug

> Task :react-native-ble-plx:compileDebugJavaWithJavac
Note: Some input files use or override a deprecated API.
Note: Recompile with -Xlint:deprecation for details.
Note: C:\plexcash-mobile\node_modules\react-native-ble-plx\android\src\main\java\com\bleplx\adapter\utils\RefreshGattCustomOperation.java uses unchecked or unsafe operations.
Note: Recompile with -Xlint:unchecked for details.

> Task :react-native-gesture-handler:checkKotlinGradlePluginConfigurationErrors SKIPPED
> Task :react-native-gesture-handler:generateDebugBuildConfig
> Task :react-native-reanimated:generateDebugBuildConfig
> Task :react-native-reanimated:javaPreCompileDebug FROM-CACHE
> Task :react-native-reanimated:packageNdkLibs NO-SOURCE
> Task :react-native-ble-plx:bundleLibCompileToJarDebug

> Task :react-native-reanimated:compileDebugJavaWithJavac
Note: Some input files use or override a deprecated API.
Note: Recompile with -Xlint:deprecation for details.
Note: Some input files use unchecked or unsafe operations.
Note: Recompile with -Xlint:unchecked for details.

> Task :react-native-gesture-handler:javaPreCompileDebug FROM-CACHE
> Task :react-native-print:generateDebugBuildConfig
> Task :react-native-print:javaPreCompileDebug FROM-CACHE
> Task :react-native-reanimated:bundleLibCompileToJarDebug

> Task :react-native-print:compileDebugJavaWithJavac
Note: C:\plexcash-mobile\node_modules\react-native-print\android\src\main\java\com\christopherdro\RNPrint\RNPrintModule.java uses or overrides a deprecated API.
Note: Recompile with -Xlint:deprecation for details.

> Task :react-native-safe-area-context:checkKotlinGradlePluginConfigurationErrors SKIPPED
> Task :react-native-print:bundleLibCompileToJarDebug
> Task :react-native-safe-area-context:generateDebugBuildConfig
> Task :react-native-safe-area-context:javaPreCompileDebug FROM-CACHE
> Task :react-native-screens:checkKotlinGradlePluginConfigurationErrors SKIPPED
> Task :react-native-screens:generateDebugBuildConfig
> Task :expo-modules-core:compileDebugKotlin
> Task :react-native-screens:javaPreCompileDebug FROM-CACHE
> Task :react-native-share:generateDebugBuildConfig
> Task :react-native-share:javaPreCompileDebug FROM-CACHE

> Task :react-native-share:compileDebugJavaWithJavac
Note: Some input files use or override a deprecated API.
Note: Recompile with -Xlint:deprecation for details.

> Task :react-native-vision-camera:checkKotlinGradlePluginConfigurationErrors SKIPPED
> Task :react-native-vision-camera:generateDebugBuildConfig
> Task :react-native-share:bundleLibCompileToJarDebug
> Task :react-native-vision-camera:javaPreCompileDebug FROM-CACHE
> Task :react-native-webview:checkKotlinGradlePluginConfigurationErrors SKIPPED
> Task :react-native-webview:generateDebugBuildConfig
> Task :react-native-webview:javaPreCompileDebug FROM-CACHE
> Task :app:javaPreCompileDebug FROM-CACHE
> Task :app:mergeDebugShaders
> Task :app:compileDebugShaders NO-SOURCE
> Task :app:generateDebugAssets UP-TO-DATE
> Task :expo:mergeDebugShaders
> Task :expo:compileDebugShaders NO-SOURCE
> Task :expo:generateDebugAssets UP-TO-DATE
> Task :expo:packageDebugAssets
> Task :expo-application:mergeDebugShaders
> Task :expo-application:compileDebugShaders NO-SOURCE
> Task :expo-application:generateDebugAssets UP-TO-DATE
> Task :expo-application:packageDebugAssets
> Task :expo-asset:mergeDebugShaders
> Task :expo-asset:compileDebugShaders NO-SOURCE
> Task :expo-asset:generateDebugAssets UP-TO-DATE
> Task :expo-asset:packageDebugAssets
> Task :expo-constants:mergeDebugShaders
> Task :expo-constants:compileDebugShaders NO-SOURCE
> Task :expo-constants:generateDebugAssets UP-TO-DATE
> Task :expo-constants:packageDebugAssets
> Task :expo-crypto:mergeDebugShaders
> Task :expo-crypto:compileDebugShaders NO-SOURCE
> Task :expo-crypto:generateDebugAssets UP-TO-DATE
> Task :expo-crypto:packageDebugAssets
> Task :expo-file-system:mergeDebugShaders
> Task :expo-file-system:compileDebugShaders NO-SOURCE
> Task :expo-file-system:generateDebugAssets UP-TO-DATE
> Task :expo-file-system:packageDebugAssets
> Task :expo-font:mergeDebugShaders
> Task :expo-font:compileDebugShaders NO-SOURCE
> Task :expo-font:generateDebugAssets UP-TO-DATE
> Task :expo-font:packageDebugAssets
> Task :expo-haptics:mergeDebugShaders
> Task :expo-haptics:compileDebugShaders NO-SOURCE
> Task :expo-haptics:generateDebugAssets UP-TO-DATE
> Task :expo-haptics:packageDebugAssets
> Task :expo-keep-awake:mergeDebugShaders
> Task :expo-keep-awake:compileDebugShaders NO-SOURCE
> Task :expo-keep-awake:generateDebugAssets UP-TO-DATE
> Task :expo-keep-awake:packageDebugAssets
> Task :expo-linear-gradient:mergeDebugShaders
> Task :expo-linear-gradient:compileDebugShaders NO-SOURCE
> Task :expo-linear-gradient:generateDebugAssets UP-TO-DATE
> Task :expo-linear-gradient:packageDebugAssets
> Task :expo-linking:mergeDebugShaders
> Task :expo-linking:compileDebugShaders NO-SOURCE
> Task :expo-linking:generateDebugAssets UP-TO-DATE
> Task :expo-linking:packageDebugAssets
> Task :expo-modules-core:mergeDebugShaders
> Task :expo-modules-core:compileDebugShaders NO-SOURCE
> Task :expo-modules-core:generateDebugAssets UP-TO-DATE
> Task :expo-modules-core:packageDebugAssets
> Task :expo-secure-store:mergeDebugShaders
> Task :expo-secure-store:compileDebugShaders NO-SOURCE
> Task :expo-secure-store:generateDebugAssets UP-TO-DATE
> Task :expo-secure-store:packageDebugAssets
> Task :expo-web-browser:mergeDebugShaders
> Task :expo-web-browser:compileDebugShaders NO-SOURCE
> Task :expo-web-browser:generateDebugAssets UP-TO-DATE
> Task :expo-web-browser:packageDebugAssets
> Task :react-native-async-storage_async-storage:mergeDebugShaders
> Task :react-native-async-storage_async-storage:compileDebugShaders NO-SOURCE
> Task :react-native-async-storage_async-storage:generateDebugAssets UP-TO-DATE
> Task :react-native-async-storage_async-storage:packageDebugAssets
> Task :react-native-ble-plx:mergeDebugShaders
> Task :react-native-ble-plx:compileDebugShaders NO-SOURCE
> Task :react-native-ble-plx:generateDebugAssets UP-TO-DATE
> Task :react-native-ble-plx:packageDebugAssets
> Task :react-native-gesture-handler:mergeDebugShaders
> Task :react-native-gesture-handler:compileDebugShaders NO-SOURCE
> Task :react-native-gesture-handler:generateDebugAssets UP-TO-DATE
> Task :react-native-gesture-handler:packageDebugAssets
> Task :react-native-print:mergeDebugShaders
> Task :react-native-print:compileDebugShaders NO-SOURCE
> Task :react-native-print:generateDebugAssets UP-TO-DATE
> Task :react-native-print:packageDebugAssets
> Task :react-native-reanimated:mergeDebugShaders
> Task :react-native-reanimated:compileDebugShaders NO-SOURCE
> Task :react-native-reanimated:generateDebugAssets UP-TO-DATE
> Task :react-native-reanimated:packageDebugAssets
> Task :react-native-safe-area-context:mergeDebugShaders
> Task :react-native-safe-area-context:compileDebugShaders NO-SOURCE
> Task :react-native-safe-area-context:generateDebugAssets UP-TO-DATE
> Task :react-native-safe-area-context:packageDebugAssets
> Task :react-native-screens:mergeDebugShaders
> Task :react-native-screens:compileDebugShaders NO-SOURCE
> Task :react-native-screens:generateDebugAssets UP-TO-DATE
> Task :react-native-screens:packageDebugAssets
> Task :react-native-share:mergeDebugShaders
> Task :react-native-share:compileDebugShaders NO-SOURCE
> Task :react-native-share:generateDebugAssets UP-TO-DATE
> Task :react-native-share:packageDebugAssets
> Task :react-native-vision-camera:mergeDebugShaders
> Task :react-native-vision-camera:compileDebugShaders NO-SOURCE
> Task :react-native-vision-camera:generateDebugAssets UP-TO-DATE
> Task :react-native-vision-camera:packageDebugAssets
> Task :react-native-webview:mergeDebugShaders
> Task :react-native-webview:compileDebugShaders NO-SOURCE
> Task :react-native-webview:generateDebugAssets UP-TO-DATE
> Task :react-native-webview:packageDebugAssets
> Task :app:mergeDebugAssets
> Task :app:compressDebugAssets
> Task :react-native-async-storage_async-storage:bundleLibRuntimeToJarDebug
> Task :app:desugarDebugFileDependencies
> Task :react-native-print:bundleLibRuntimeToJarDebug
> Task :react-native-async-storage_async-storage:processDebugJavaRes NO-SOURCE
> Task :react-native-ble-plx:processDebugJavaRes NO-SOURCE
> Task :react-native-print:processDebugJavaRes NO-SOURCE
> Task :react-native-reanimated:processDebugJavaRes NO-SOURCE
> Task :react-native-share:processDebugJavaRes NO-SOURCE
> Task :react-native-share:bundleLibRuntimeToJarDebug
> Task :react-native-reanimated:bundleLibRuntimeToJarDebug

> Task :expo-modules-core:compileDebugKotlin
e: file:///C:/plexcash-mobile/node_modules/expo-modules-core/android/src/main/java/expo/modules/kotlin/views/decorators/CSSProps.kt:146:55 Too many arguments for 'fun parse(boxShadow: ReadableMap): BoxShadow?'.
e: file:///C:/plexcash-mobile/node_modules/expo-modules-core/android/src/main/java/expo/modules/rncompatibility/ReactNativeFeatureFlags.kt:11:62 Unresolved reference 'enableBridgelessArchitecture'.

> Task :react-native-ble-plx:bundleLibRuntimeToJarDebug
> Task :expo-modules-core:compileDebugKotlin FAILED
> Task :app:checkDebugDuplicateClasses

> Task :react-native-webview:compileDebugKotlin
w: file:///C:/plexcash-mobile/node_modules/react-native-webview/android/src/main/java/com/reactnativecommunity/webview/RNCWebViewManagerImpl.kt:22:8 'class MapBuilder : Any' is deprecated. Deprecated in Java.
w: file:///C:/plexcash-mobile/node_modules/react-native-webview/android/src/main/java/com/reactnativecommunity/webview/RNCWebViewManagerImpl.kt:81:18 'var allowFileAccessFromFileURLs: Boolean' is deprecated. Deprecated in Java.
w: file:///C:/plexcash-mobile/node_modules/react-native-webview/android/src/main/java/com/reactnativecommunity/webview/RNCWebViewManagerImpl.kt:82:18 'var allowUniversalAccessFromFileURLs: Boolean' is deprecated. Deprecated in Java.
w: file:///C:/plexcash-mobile/node_modules/react-native-webview/android/src/main/java/com/reactnativecommunity/webview/RNCWebViewManagerImpl.kt:124:21 'fun allowScanningByMediaScanner(): Unit' is deprecated. Deprecated in Java.
w: file:///C:/plexcash-mobile/node_modules/react-native-webview/android/src/main/java/com/reactnativecommunity/webview/RNCWebViewManagerImpl.kt:161:36 'var systemUiVisibility: Int' is deprecated. Deprecated in Java.
w: file:///C:/plexcash-mobile/node_modules/react-native-webview/android/src/main/java/com/reactnativecommunity/webview/RNCWebViewManagerImpl.kt:293:14 'class MapBuilder : Any' is deprecated. Deprecated in Java.
w: file:///C:/plexcash-mobile/node_modules/react-native-webview/android/src/main/java/com/reactnativecommunity/webview/RNCWebViewManagerImpl.kt:336:15 Condition is always 'false'.
w: file:///C:/plexcash-mobile/node_modules/react-native-webview/android/src/main/java/com/reactnativecommunity/webview/RNCWebViewManagerImpl.kt:345:34 Condition is always 'true'.
w: file:///C:/plexcash-mobile/node_modules/react-native-webview/android/src/main/java/com/reactnativecommunity/webview/RNCWebViewManagerImpl.kt:364:38 'var allowUniversalAccessFromFileURLs: Boolean' is deprecated. Deprecated in Java.
w: file:///C:/plexcash-mobile/node_modules/react-native-webview/android/src/main/java/com/reactnativecommunity/webview/RNCWebViewManagerImpl.kt:421:51 Unchecked cast of 'kotlin.Any' to 'java.util.HashMap<kotlin.String, kotlin.String>'.
w: file:///C:/plexcash-mobile/node_modules/react-native-webview/android/src/main/java/com/reactnativecommunity/webview/RNCWebViewManagerImpl.kt:477:23 'var savePassword: Boolean' is deprecated. Deprecated in Java.
w: file:///C:/plexcash-mobile/node_modules/react-native-webview/android/src/main/java/com/reactnativecommunity/webview/RNCWebViewManagerImpl.kt:478:23 'var saveFormData: Boolean' is deprecated. Deprecated in Java.
w: file:///C:/plexcash-mobile/node_modules/react-native-webview/android/src/main/java/com/reactnativecommunity/webview/RNCWebViewManagerImpl.kt:548:23 'var allowFileAccessFromFileURLs: Boolean' is deprecated. Deprecated in Java.
w: file:///C:/plexcash-mobile/node_modules/react-native-webview/android/src/main/java/com/reactnativecommunity/webview/RNCWebViewManagerImpl.kt:649:65 Unchecked cast of 'java.util.ArrayList<kotlin.Any>' to 'kotlin.collections.List<kotlin.collections.Map<kotlin.String, kotlin.String>>'.
w: file:///C:/plexcash-mobile/node_modules/react-native-webview/android/src/main/java/com/reactnativecommunity/webview/RNCWebViewManagerImpl.kt:670:23 'var saveFormData: Boolean' is deprecated. Deprecated in Java.
w: file:///C:/plexcash-mobile/node_modules/react-native-webview/android/src/main/java/com/reactnativecommunity/webview/events/TopCustomMenuSelectionEvent.kt:5:8 'interface RCTEventEmitter : Any, JavaScriptModule' is deprecated. Deprecated in Java.
w: file:///C:/plexcash-mobile/node_modules/react-native-webview/android/src/main/java/com/reactnativecommunity/webview/events/TopCustomMenuSelectionEvent.kt:11:3 'constructor<T : (Event<Event<*>!>..Event<*>?)>(p0: Int): Event<T>' is deprecated. Deprecated in Java.
w: file:///C:/plexcash-mobile/node_modules/react-native-webview/android/src/main/java/com/reactnativecommunity/webview/events/TopCustomMenuSelectionEvent.kt:22:16 This declaration overrides a deprecated member but is not marked as deprecated itself. Please add the '@Deprecated' annotation or suppress the diagnostic.
w: file:///C:/plexcash-mobile/node_modules/react-native-webview/android/src/main/java/com/reactnativecommunity/webview/events/TopCustomMenuSelectionEvent.kt:22:42 'interface RCTEventEmitter : Any, JavaScriptModule' is deprecated. Deprecated in Java.
w: file:///C:/plexcash-mobile/node_modules/react-native-webview/android/src/main/java/com/reactnativecommunity/webview/events/TopCustomMenuSelectionEvent.kt:23:21 'fun receiveEvent(p0: Int, p1: String!, p2: WritableMap?): Unit' is deprecated. Deprecated in Java.
w: file:///C:/plexcash-mobile/node_modules/react-native-webview/android/src/main/java/com/reactnativecommunity/webview/events/TopHttpErrorEvent.kt:5:8 'interface RCTEventEmitter : Any, JavaScriptModule' is deprecated. Deprecated in Java.
w: file:///C:/plexcash-mobile/node_modules/react-native-webview/android/src/main/java/com/reactnativecommunity/webview/events/TopHttpErrorEvent.kt:11:3 'constructor<T : (Event<Event<*>!>..Event<*>?)>(p0: Int): Event<T>' is deprecated. Deprecated in Java.
w: file:///C:/plexcash-mobile/node_modules/react-native-webview/android/src/main/java/com/reactnativecommunity/webview/events/TopHttpErrorEvent.kt:22:16 This declaration overrides a deprecated member but is not marked as deprecated itself. Please add the '@Deprecated' annotation or suppress the diagnostic.
w: file:///C:/plexcash-mobile/node_modules/react-native-webview/android/src/main/java/com/reactnativecommunity/webview/events/TopHttpErrorEvent.kt:22:42 'interface RCTEventEmitter : Any, JavaScriptModule' is deprecated. Deprecated in Java.
w: file:///C:/plexcash-mobile/node_modules/react-native-webview/android/src/main/java/com/reactnativecommunity/webview/events/TopHttpErrorEvent.kt:23:21 'fun receiveEvent(p0: Int, p1: String!, p2: WritableMap?): Unit' is deprecated. Deprecated in Java.
w: file:///C:/plexcash-mobile/node_modules/react-native-webview/android/src/main/java/com/reactnativecommunity/webview/events/TopLoadingErrorEvent.kt:5:8 'interface RCTEventEmitter : Any, JavaScriptModule' is deprecated. Deprecated in Java.
w: file:///C:/plexcash-mobile/node_modules/react-native-webview/android/src/main/java/com/reactnativecommunity/webview/events/TopLoadingErrorEvent.kt:11:3 'constructor<T : (Event<Event<*>!>..Event<*>?)>(p0: Int): Event<T>' is deprecated. Deprecated in Java.
w: file:///C:/plexcash-mobile/node_modules/react-native-webview/android/src/main/java/com/reactnativecommunity/webview/events/TopLoadingErrorEvent.kt:22:16 This declaration overrides a deprecated member but is not marked as deprecated itself. Please add the '@Deprecated' annotation or suppress the diagnostic.
w: file:///C:/plexcash-mobile/node_modules/react-native-webview/android/src/main/java/com/reactnativecommunity/webview/events/TopLoadingErrorEvent.kt:22:42 'interface RCTEventEmitter : Any, JavaScriptModule' is deprecated. Deprecated in Java.
w: file:///C:/plexcash-mobile/node_modules/react-native-webview/android/src/main/java/com/reactnativecommunity/webview/events/TopLoadingErrorEvent.kt:23:21 'fun receiveEvent(p0: Int, p1: String!, p2: WritableMap?): Unit' is deprecated. Deprecated in Java.
w: file:///C:/plexcash-mobile/node_modules/react-native-webview/android/src/main/java/com/reactnativecommunity/webview/events/TopLoadingFinishEvent.kt:5:8 'interface RCTEventEmitter : Any, JavaScriptModule' is deprecated. Deprecated in Java.
w: file:///C:/plexcash-mobile/node_modules/react-native-webview/android/src/main/java/com/reactnativecommunity/webview/events/TopLoadingFinishEvent.kt:11:3 'constructor<T : (Event<Event<*>!>..Event<*>?)>(p0: Int): Event<T>' is deprecated. Deprecated in Java.
w: file:///C:/plexcash-mobile/node_modules/react-native-webview/android/src/main/java/com/reactnativecommunity/webview/events/TopLoadingFinishEvent.kt:22:16 This declaration overrides a deprecated member but is not marked as deprecated itself. Please add the '@Deprecated' annotation or suppress the diagnostic.
w: file:///C:/plexcash-mobile/node_modules/react-native-webview/android/src/main/java/com/reactnativecommunity/webview/events/TopLoadingFinishEvent.kt:22:42 'interface RCTEventEmitter : Any, JavaScriptModule' is deprecated. Deprecated in Java.
w: file:///C:/plexcash-mobile/node_modules/react-native-webview/android/src/main/java/com/reactnativecommunity/webview/events/TopLoadingFinishEvent.kt:23:21 'fun receiveEvent(p0: Int, p1: String!, p2: WritableMap?): Unit' is deprecated. Deprecated in Java.
w: file:///C:/plexcash-mobile/node_modules/react-native-webview/android/src/main/java/com/reactnativecommunity/webview/events/TopLoadingProgressEvent.kt:5:8 'interface RCTEventEmitter : Any, JavaScriptModule' is deprecated. Deprecated in Java.
w: file:///C:/plexcash-mobile/node_modules/react-native-webview/android/src/main/java/com/reactnativecommunity/webview/events/TopLoadingProgressEvent.kt:11:3 'constructor<T : (Event<Event<*>!>..Event<*>?)>(p0: Int): Event<T>' is deprecated. Deprecated in Java.
w: file:///C:/plexcash-mobile/node_modules/react-native-webview/android/src/main/java/com/reactnativecommunity/webview/events/TopLoadingProgressEvent.kt:22:16 This declaration overrides a deprecated member but is not marked as deprecated itself. Please add the '@Deprecated' annotation or suppress the diagnostic.
w: file:///C:/plexcash-mobile/node_modules/react-native-webview/android/src/main/java/com/reactnativecommunity/webview/events/TopLoadingProgressEvent.kt:22:42 'interface RCTEventEmitter : Any, JavaScriptModule' is deprecated. Deprecated in Java.
w: file:///C:/plexcash-mobile/node_modules/react-native-webview/android/src/main/java/com/reactnativecommunity/webview/events/TopLoadingProgressEvent.kt:23:21 'fun receiveEvent(p0: Int, p1: String!, p2: WritableMap?): Unit' is deprecated. Deprecated in Java.
w: file:///C:/plexcash-mobile/node_modules/react-native-webview/android/src/main/java/com/reactnativecommunity/webview/events/TopLoadingStartEvent.kt:5:8 'interface RCTEventEmitter : Any, JavaScriptModule' is deprecated. Deprecated in Java.
w: file:///C:/plexcash-mobile/node_modules/react-native-webview/android/src/main/java/com/reactnativecommunity/webview/events/TopLoadingStartEvent.kt:11:3 'constructor<T : (Event<Event<*>!>..Event<*>?)>(p0: Int): Event<T>' is deprecated. Deprecated in Java.
w: file:///C:/plexcash-mobile/node_modules/react-native-webview/android/src/main/java/com/reactnativecommunity/webview/events/TopLoadingStartEvent.kt:22:16 This declaration overrides a deprecated member but is not marked as deprecated itself. Please add the '@Deprecated' annotation or suppress the diagnostic.
w: file:///C:/plexcash-mobile/node_modules/react-native-webview/android/src/main/java/com/reactnativecommunity/webview/events/TopLoadingStartEvent.kt:22:42 'interface RCTEventEmitter : Any, JavaScriptModule' is deprecated. Deprecated in Java.
w: file:///C:/plexcash-mobile/node_modules/react-native-webview/android/src/main/java/com/reactnativecommunity/webview/events/TopLoadingStartEvent.kt:23:21 'fun receiveEvent(p0: Int, p1: String!, p2: WritableMap?): Unit' is deprecated. Deprecated in Java.
w: file:///C:/plexcash-mobile/node_modules/react-native-webview/android/src/main/java/com/reactnativecommunity/webview/events/TopMessageEvent.kt:5:8 'interface RCTEventEmitter : Any, JavaScriptModule' is deprecated. Deprecated in Java.
w: file:///C:/plexcash-mobile/node_modules/react-native-webview/android/src/main/java/com/reactnativecommunity/webview/events/TopMessageEvent.kt:10:75 'constructor<T : (Event<Event<*>!>..Event<*>?)>(p0: Int): Event<T>' is deprecated. Deprecated in Java.
w: file:///C:/plexcash-mobile/node_modules/react-native-webview/android/src/main/java/com/reactnativecommunity/webview/events/TopMessageEvent.kt:21:16 This declaration overrides a deprecated member but is not marked as deprecated itself. Please add the '@Deprecated' annotation or suppress the diagnostic.
w: file:///C:/plexcash-mobile/node_modules/react-native-webview/android/src/main/java/com/reactnativecommunity/webview/events/TopMessageEvent.kt:21:42 'interface RCTEventEmitter : Any, JavaScriptModule' is deprecated. Deprecated in Java.
w: file:///C:/plexcash-mobile/node_modules/react-native-webview/android/src/main/java/com/reactnativecommunity/webview/events/TopMessageEvent.kt:22:21 'fun receiveEvent(p0: Int, p1: String!, p2: WritableMap?): Unit' is deprecated. Deprecated in Java.
w: file:///C:/plexcash-mobile/node_modules/react-native-webview/android/src/main/java/com/reactnativecommunity/webview/events/TopNewWindowEvent.kt:5:8 'interface RCTEventEmitter : Any, JavaScriptModule' is deprecated. Deprecated in Java.
w: file:///C:/plexcash-mobile/node_modules/react-native-webview/android/src/main/java/com/reactnativecommunity/webview/events/TopNewWindowEvent.kt:11:3 'constructor<T : (Event<Event<*>!>..Event<*>?)>(p0: Int): Event<T>' is deprecated. Deprecated in Java.
w: file:///C:/plexcash-mobile/node_modules/react-native-webview/android/src/main/java/com/reactnativecommunity/webview/events/TopNewWindowEvent.kt:22:16 This declaration overrides a deprecated member but is not marked as deprecated itself. Please add the '@Deprecated' annotation or suppress the diagnostic.
w: file:///C:/plexcash-mobile/node_modules/react-native-webview/android/src/main/java/com/reactnativecommunity/webview/events/TopNewWindowEvent.kt:22:42 'interface RCTEventEmitter : Any, JavaScriptModule' is deprecated. Deprecated in Java.
w: file:///C:/plexcash-mobile/node_modules/react-native-webview/android/src/main/java/com/reactnativecommunity/webview/events/TopNewWindowEvent.kt:23:21 'fun receiveEvent(p0: Int, p1: String!, p2: WritableMap?): Unit' is deprecated. Deprecated in Java.
w: file:///C:/plexcash-mobile/node_modules/react-native-webview/android/src/main/java/com/reactnativecommunity/webview/events/TopRenderProcessGoneEvent.kt:5:8 'interface RCTEventEmitter : Any, JavaScriptModule' is deprecated. Deprecated in Java.
w: file:///C:/plexcash-mobile/node_modules/react-native-webview/android/src/main/java/com/reactnativecommunity/webview/events/TopRenderProcessGoneEvent.kt:12:3 'constructor<T : (Event<Event<*>!>..Event<*>?)>(p0: Int): Event<T>' is deprecated. Deprecated in Java.
w: file:///C:/plexcash-mobile/node_modules/react-native-webview/android/src/main/java/com/reactnativecommunity/webview/events/TopRenderProcessGoneEvent.kt:23:16 This declaration overrides a deprecated member but is not marked as deprecated itself. Please add the '@Deprecated' annotation or suppress the diagnostic.
w: file:///C:/plexcash-mobile/node_modules/react-native-webview/android/src/main/java/com/reactnativecommunity/webview/events/TopRenderProcessGoneEvent.kt:23:42 'interface RCTEventEmitter : Any, JavaScriptModule' is deprecated. Deprecated in Java.
w: file:///C:/plexcash-mobile/node_modules/react-native-webview/android/src/main/java/com/reactnativecommunity/webview/events/TopRenderProcessGoneEvent.kt:24:21 'fun receiveEvent(p0: Int, p1: String!, p2: WritableMap?): Unit' is deprecated. Deprecated in Java.
w: file:///C:/plexcash-mobile/node_modules/react-native-webview/android/src/main/java/com/reactnativecommunity/webview/events/TopShouldStartLoadWithRequestEvent.kt:5:8 'interface RCTEventEmitter : Any, JavaScriptModule' is deprecated. Deprecated in Java.
w: file:///C:/plexcash-mobile/node_modules/react-native-webview/android/src/main/java/com/reactnativecommunity/webview/events/TopShouldStartLoadWithRequestEvent.kt:10:89 'constructor<T : (Event<Event<*>!>..Event<*>?)>(p0: Int): Event<T>' is deprecated. Deprecated in Java.
w: file:///C:/plexcash-mobile/node_modules/react-native-webview/android/src/main/java/com/reactnativecommunity/webview/events/TopShouldStartLoadWithRequestEvent.kt:27:16 This declaration overrides a deprecated member but is not marked as deprecated itself. Please add the '@Deprecated' annotation or suppress the diagnostic.
w: file:///C:/plexcash-mobile/node_modules/react-native-webview/android/src/main/java/com/reactnativecommunity/webview/events/TopShouldStartLoadWithRequestEvent.kt:27:42 'interface RCTEventEmitter : Any, JavaScriptModule' is deprecated. Deprecated in Java.
w: file:///C:/plexcash-mobile/node_modules/react-native-webview/android/src/main/java/com/reactnativecommunity/webview/events/TopShouldStartLoadWithRequestEvent.kt:28:21 'fun receiveEvent(p0: Int, p1: String!, p2: WritableMap?): Unit' is deprecated. Deprecated in Java.

> Task :react-native-gesture-handler:compileDebugKotlin
w: file:///C:/plexcash-mobile/node_modules/react-native-gesture-handler/android/src/main/java/com/swmansion/gesturehandler/RNGestureHandlerPackage.kt:69:42 'constructor(name: String, className: String, canOverrideExistingModule: Boolean, needsEagerInit: Boolean, hasConstants: Boolean, isCxxModule: Boolean, isTurboModule: Boolean): ReactModuleInfo' is deprecated. use ReactModuleInfo(String, String, boolean, boolean, boolean, boolean)].

> Task :react-native-safe-area-context:compileDebugKotlin
w: file:///C:/plexcash-mobile/node_modules/react-native-safe-area-context/android/src/main/java/com/th3rdwave/safeareacontext/SafeAreaContextPackage.kt:27:11 'constructor(name: String, className: String, canOverrideExistingModule: Boolean, needsEagerInit: Boolean, hasConstants: Boolean, isCxxModule: Boolean, isTurboModule: Boolean): ReactModuleInfo' is deprecated. use ReactModuleInfo(String, String, boolean, boolean, boolean, boolean)].
w: file:///C:/plexcash-mobile/node_modules/react-native-safe-area-context/android/src/main/java/com/th3rdwave/safeareacontext/SafeAreaContextPackage.kt:33:27 'val hasConstants: Boolean' is deprecated. This property is unused and it's planning to be removed in a future version of
        React Native. Please refrain from using it.
w: file:///C:/plexcash-mobile/node_modules/react-native-safe-area-context/android/src/main/java/com/th3rdwave/safeareacontext/SafeAreaView.kt:59:23 'val uiImplementation: UIImplementation!' is deprecated. Deprecated in Java.
w: file:///C:/plexcash-mobile/node_modules/react-native-safe-area-context/android/src/paper/java/com/th3rdwave/safeareacontext/InsetsChangeEvent.kt:19:16 This declaration overrides a deprecated member but is not marked as deprecated itself. Please add the '@Deprecated' annotation or suppress the diagnostic.

> Task :react-native-vision-camera:compileDebugKotlin
w: file:///C:/plexcash-mobile/node_modules/react-native-vision-camera/android/src/main/java/com/mrousavy/camera/core/MetadataProvider.kt:44:25 'fun requestSingleUpdate(p0: String, p1: LocationListener, p2: Looper?): Unit' is deprecated. Deprecated in Java.
w: file:///C:/plexcash-mobile/node_modules/react-native-vision-camera/android/src/main/java/com/mrousavy/camera/core/utils/CamcorderProfileUtils.kt:71:42 'static fun get(p0: Int, p1: Int): CamcorderProfile!' is deprecated. Deprecated in Java.
w: file:///C:/plexcash-mobile/node_modules/react-native-vision-camera/android/src/main/java/com/mrousavy/camera/core/utils/CamcorderProfileUtils.kt:96:42 'static fun get(p0: Int, p1: Int): CamcorderProfile!' is deprecated. Deprecated in Java.
w: file:///C:/plexcash-mobile/node_modules/react-native-vision-camera/android/src/main/java/com/mrousavy/camera/core/utils/CamcorderProfileUtils.kt:121:42 'static fun get(p0: Int, p1: Int): CamcorderProfile!' is deprecated. Deprecated in Java.
w: file:///C:/plexcash-mobile/node_modules/react-native-vision-camera/android/src/main/java/com/mrousavy/camera/frameprocessors/VisionCameraProxy.kt:33:56 'val jsCallInvokerHolder: CallInvokerHolder' is deprecated. Use ReactContext.getJSCallInvokerHolder instead.
w: file:///C:/plexcash-mobile/node_modules/react-native-vision-camera/android/src/main/java/com/mrousavy/camera/react/CameraViewManager.kt:4:8 'class MapBuilder : Any' is deprecated. Deprecated in Java.
w: file:///C:/plexcash-mobile/node_modules/react-native-vision-camera/android/src/main/java/com/mrousavy/camera/react/CameraViewManager.kt:31:5 'class MapBuilder : Any' is deprecated. Deprecated in Java.
w: file:///C:/plexcash-mobile/node_modules/react-native-vision-camera/android/src/main/java/com/mrousavy/camera/react/CameraViewManager.kt:32:45 'class MapBuilder : Any' is deprecated. Deprecated in Java.
w: file:///C:/plexcash-mobile/node_modules/react-native-vision-camera/android/src/main/java/com/mrousavy/camera/react/CameraViewManager.kt:33:47 'class MapBuilder : Any' is deprecated. Deprecated in Java.
w: file:///C:/plexcash-mobile/node_modules/react-native-vision-camera/android/src/main/java/com/mrousavy/camera/react/CameraViewManager.kt:34:43 'class MapBuilder : Any' is deprecated. Deprecated in Java.
w: file:///C:/plexcash-mobile/node_modules/react-native-vision-camera/android/src/main/java/com/mrousavy/camera/react/CameraViewManager.kt:35:43 'class MapBuilder : Any' is deprecated. Deprecated in Java.
w: file:///C:/plexcash-mobile/node_modules/react-native-vision-camera/android/src/main/java/com/mrousavy/camera/react/CameraViewManager.kt:36:43 'class MapBuilder : Any' is deprecated. Deprecated in Java.
w: file:///C:/plexcash-mobile/node_modules/react-native-vision-camera/android/src/main/java/com/mrousavy/camera/react/CameraViewManager.kt:37:41 'class MapBuilder : Any' is deprecated. Deprecated in Java.
w: file:///C:/plexcash-mobile/node_modules/react-native-vision-camera/android/src/main/java/com/mrousavy/camera/react/CameraViewManager.kt:38:47 'class MapBuilder : Any' is deprecated. Deprecated in Java.
w: file:///C:/plexcash-mobile/node_modules/react-native-vision-camera/android/src/main/java/com/mrousavy/camera/react/CameraViewManager.kt:39:50 'class MapBuilder : Any' is deprecated. Deprecated in Java.
w: file:///C:/plexcash-mobile/node_modules/react-native-vision-camera/android/src/main/java/com/mrousavy/camera/react/CameraViewManager.kt:40:50 'class MapBuilder : Any' is deprecated. Deprecated in Java.
w: file:///C:/plexcash-mobile/node_modules/react-native-vision-camera/android/src/main/java/com/mrousavy/camera/react/CameraViewManager.kt:41:60 'class MapBuilder : Any' is deprecated. Deprecated in Java.
w: file:///C:/plexcash-mobile/node_modules/react-native-vision-camera/android/src/main/java/com/mrousavy/camera/react/CameraViewManager.kt:42:61 'class MapBuilder : Any' is deprecated. Deprecated in Java.
w: file:///C:/plexcash-mobile/node_modules/react-native-vision-camera/android/src/main/java/com/mrousavy/camera/react/CameraViewManager.kt:43:47 'class MapBuilder : Any' is deprecated. Deprecated in Java.

> Task :react-native-screens:compileDebugKotlin
w: file:///C:/plexcash-mobile/node_modules/react-native-screens/android/src/main/java/com/swmansion/rnscreens/CustomToolbar.kt:19:33 'class FrameCallback : Choreographer.FrameCallback' is deprecated. Use Choreographer.FrameCallback instead.
w: file:///C:/plexcash-mobile/node_modules/react-native-screens/android/src/main/java/com/swmansion/rnscreens/CustomToolbar.kt:20:18 'class FrameCallback : Choreographer.FrameCallback' is deprecated. Use Choreographer.FrameCallback instead.
w: file:///C:/plexcash-mobile/node_modules/react-native-screens/android/src/main/java/com/swmansion/rnscreens/RNScreensPackage.kt:60:17 'constructor(name: String, className: String, canOverrideExistingModule: Boolean, needsEagerInit: Boolean, hasConstants: Boolean, isCxxModule: Boolean, isTurboModule: Boolean): ReactModuleInfo' is deprecated. use ReactModuleInfo(String, String, boolean, boolean, boolean, boolean)].
w: file:///C:/plexcash-mobile/node_modules/react-native-screens/android/src/main/java/com/swmansion/rnscreens/Screen.kt:44:77 Unchecked cast of '(androidx.coordinatorlayout.widget.CoordinatorLayout.Behavior<android.view.View!>?..androidx.coordinatorlayout.widget.CoordinatorLayout.Behavior<*>?)' to 'com.google.android.material.bottomsheet.BottomSheetBehavior<com.swmansion.rnscreens.Screen>'.
w: file:///C:/plexcash-mobile/node_modules/react-native-screens/android/src/main/java/com/swmansion/rnscreens/ScreenContainer.kt:33:33 'class FrameCallback : Choreographer.FrameCallback' is deprecated. Use Choreographer.FrameCallback instead.
w: file:///C:/plexcash-mobile/node_modules/react-native-screens/android/src/main/java/com/swmansion/rnscreens/ScreenContainer.kt:34:18 'class FrameCallback : Choreographer.FrameCallback' is deprecated. Use Choreographer.FrameCallback instead.
w: file:///C:/plexcash-mobile/node_modules/react-native-screens/android/src/main/java/com/swmansion/rnscreens/ScreenStackFragment.kt:257:31 'var targetElevation: Float' is deprecated. Deprecated in Java.
w: file:///C:/plexcash-mobile/node_modules/react-native-screens/android/src/main/java/com/swmansion/rnscreens/ScreenStackFragment.kt:260:13 'fun setHasOptionsMenu(p0: Boolean): Unit' is deprecated. Deprecated in Java.
w: file:///C:/plexcash-mobile/node_modules/react-native-screens/android/src/main/java/com/swmansion/rnscreens/ScreenStackFragment.kt:489:18 This declaration overrides a deprecated member but is not marked as deprecated itself. Please add the '@Deprecated' annotation or suppress the diagnostic.
w: file:///C:/plexcash-mobile/node_modules/react-native-screens/android/src/main/java/com/swmansion/rnscreens/ScreenStackFragment.kt:496:22 'fun onPrepareOptionsMenu(p0: Menu): Unit' is deprecated. Deprecated in Java.
w: file:///C:/plexcash-mobile/node_modules/react-native-screens/android/src/main/java/com/swmansion/rnscreens/ScreenStackFragment.kt:499:18 This declaration overrides a deprecated member but is not marked as deprecated itself. Please add the '@Deprecated' annotation or suppress the diagnostic.
w: file:///C:/plexcash-mobile/node_modules/react-native-screens/android/src/main/java/com/swmansion/rnscreens/ScreenStackFragment.kt:504:22 'fun onCreateOptionsMenu(p0: Menu, p1: MenuInflater): Unit' is deprecated. Deprecated in Java.
w: file:///C:/plexcash-mobile/node_modules/react-native-screens/android/src/main/java/com/swmansion/rnscreens/ScreenStackHeaderConfig.kt:100:38 'val systemWindowInsetTop: Int' is deprecated. Deprecated in Java.
w: file:///C:/plexcash-mobile/node_modules/react-native-screens/android/src/main/java/com/swmansion/rnscreens/ScreenStackHeaderConfigViewManager.kt:7:8 'class MapBuilder : Any' is deprecated. Deprecated in Java.
w: file:///C:/plexcash-mobile/node_modules/react-native-screens/android/src/main/java/com/swmansion/rnscreens/ScreenStackHeaderConfigViewManager.kt:209:9 'class MapBuilder : Any' is deprecated. Deprecated in Java.
w: file:///C:/plexcash-mobile/node_modules/react-native-screens/android/src/main/java/com/swmansion/rnscreens/ScreenStackHeaderConfigViewManager.kt:211:13 'class MapBuilder : Any' is deprecated. Deprecated in Java.
w: file:///C:/plexcash-mobile/node_modules/react-native-screens/android/src/main/java/com/swmansion/rnscreens/ScreenStackHeaderConfigViewManager.kt:213:13 'class MapBuilder : Any' is deprecated. Deprecated in Java.
w: file:///C:/plexcash-mobile/node_modules/react-native-screens/android/src/main/java/com/swmansion/rnscreens/ScreenViewManager.kt:7:8 'class MapBuilder : Any' is deprecated. Deprecated in Java.
w: file:///C:/plexcash-mobile/node_modules/react-native-screens/android/src/main/java/com/swmansion/rnscreens/ScreenViewManager.kt:375:48 'class MapBuilder : Any' is deprecated. Deprecated in Java.
w: file:///C:/plexcash-mobile/node_modules/react-native-screens/android/src/main/java/com/swmansion/rnscreens/ScreenViewManager.kt:376:49 'class MapBuilder : Any' is deprecated. Deprecated in Java.
w: file:///C:/plexcash-mobile/node_modules/react-native-screens/android/src/main/java/com/swmansion/rnscreens/ScreenViewManager.kt:377:45 'class MapBuilder : Any' is deprecated. Deprecated in Java.
w: file:///C:/plexcash-mobile/node_modules/react-native-screens/android/src/main/java/com/swmansion/rnscreens/ScreenViewManager.kt:378:52 'class MapBuilder : Any' is deprecated. Deprecated in Java.
w: file:///C:/plexcash-mobile/node_modules/react-native-screens/android/src/main/java/com/swmansion/rnscreens/ScreenViewManager.kt:379:48 'class MapBuilder : Any' is deprecated. Deprecated in Java.
w: file:///C:/plexcash-mobile/node_modules/react-native-screens/android/src/main/java/com/swmansion/rnscreens/ScreenViewManager.kt:380:51 'class MapBuilder : Any' is deprecated. Deprecated in Java.
w: file:///C:/plexcash-mobile/node_modules/react-native-screens/android/src/main/java/com/swmansion/rnscreens/ScreenViewManager.kt:381:56 'class MapBuilder : Any' is deprecated. Deprecated in Java.
w: file:///C:/plexcash-mobile/node_modules/react-native-screens/android/src/main/java/com/swmansion/rnscreens/ScreenViewManager.kt:382:57 'class MapBuilder : Any' is deprecated. Deprecated in Java.
w: file:///C:/plexcash-mobile/node_modules/react-native-screens/android/src/main/java/com/swmansion/rnscreens/ScreenViewManager.kt:383:51 'class MapBuilder : Any' is deprecated. Deprecated in Java.
w: file:///C:/plexcash-mobile/node_modules/react-native-screens/android/src/main/java/com/swmansion/rnscreens/ScreenWindowTraits.kt:55:42 'fun replaceSystemWindowInsets(p0: Int, p1: Int, p2: Int, p3: Int): WindowInsetsCompat' is deprecated. Deprecated in Java.
w: file:///C:/plexcash-mobile/node_modules/react-native-screens/android/src/main/java/com/swmansion/rnscreens/ScreenWindowTraits.kt:56:39 'val systemWindowInsetLeft: Int' is deprecated. Deprecated in Java.
w: file:///C:/plexcash-mobile/node_modules/react-native-screens/android/src/main/java/com/swmansion/rnscreens/ScreenWindowTraits.kt:58:39 'val systemWindowInsetRight: Int' is deprecated. Deprecated in Java.
w: file:///C:/plexcash-mobile/node_modules/react-native-screens/android/src/main/java/com/swmansion/rnscreens/ScreenWindowTraits.kt:59:39 'val systemWindowInsetBottom: Int' is deprecated. Deprecated in Java.
w: file:///C:/plexcash-mobile/node_modules/react-native-screens/android/src/main/java/com/swmansion/rnscreens/ScreenWindowTraits.kt:98:53 'var statusBarColor: Int' is deprecated. Deprecated in Java.
w: file:///C:/plexcash-mobile/node_modules/react-native-screens/android/src/main/java/com/swmansion/rnscreens/ScreenWindowTraits.kt:109:48 'var statusBarColor: Int' is deprecated. Deprecated in Java.
w: file:///C:/plexcash-mobile/node_modules/react-native-screens/android/src/main/java/com/swmansion/rnscreens/ScreenWindowTraits.kt:112:32 'var statusBarColor: Int' is deprecated. Deprecated in Java.
w: file:///C:/plexcash-mobile/node_modules/react-native-screens/android/src/main/java/com/swmansion/rnscreens/ScreenWindowTraits.kt:208:72 'var navigationBarColor: Int' is deprecated. Deprecated in Java.
w: file:///C:/plexcash-mobile/node_modules/react-native-screens/android/src/main/java/com/swmansion/rnscreens/ScreenWindowTraits.kt:214:16 'var navigationBarColor: Int' is deprecated. Deprecated in Java.
w: file:///C:/plexcash-mobile/node_modules/react-native-screens/android/src/main/java/com/swmansion/rnscreens/SearchBarManager.kt:5:8 'class MapBuilder : Any' is deprecated. Deprecated in Java.
w: file:///C:/plexcash-mobile/node_modules/react-native-screens/android/src/main/java/com/swmansion/rnscreens/SearchBarManager.kt:142:9 'class MapBuilder : Any' is deprecated. Deprecated in Java.
w: file:///C:/plexcash-mobile/node_modules/react-native-screens/android/src/main/java/com/swmansion/rnscreens/SearchBarManager.kt:144:13 'class MapBuilder : Any' is deprecated. Deprecated in Java.
w: file:///C:/plexcash-mobile/node_modules/react-native-screens/android/src/main/java/com/swmansion/rnscreens/SearchBarManager.kt:146:13 'class MapBuilder : Any' is deprecated. Deprecated in Java.
w: file:///C:/plexcash-mobile/node_modules/react-native-screens/android/src/main/java/com/swmansion/rnscreens/SearchBarManager.kt:148:13 'class MapBuilder : Any' is deprecated. Deprecated in Java.
w: file:///C:/plexcash-mobile/node_modules/react-native-screens/android/src/main/java/com/swmansion/rnscreens/SearchBarManager.kt:150:13 'class MapBuilder : Any' is deprecated. Deprecated in Java.
w: file:///C:/plexcash-mobile/node_modules/react-native-screens/android/src/main/java/com/swmansion/rnscreens/SearchBarManager.kt:152:13 'class MapBuilder : Any' is deprecated. Deprecated in Java.
w: file:///C:/plexcash-mobile/node_modules/react-native-screens/android/src/main/java/com/swmansion/rnscreens/SearchBarManager.kt:154:13 'class MapBuilder : Any' is deprecated. Deprecated in Java.
w: file:///C:/plexcash-mobile/node_modules/react-native-screens/android/src/main/java/com/swmansion/rnscreens/bottomsheet/BottomSheetDialogRootView.kt:7:8 'class ReactFeatureFlags : Any' is deprecated. Deprecated in Java.
w: file:///C:/plexcash-mobile/node_modules/react-native-screens/android/src/main/java/com/swmansion/rnscreens/bottomsheet/BottomSheetDialogRootView.kt:25:13 'class ReactFeatureFlags : Any' is deprecated. Deprecated in Java.

FAILURE: Build failed with an exception.

* What went wrong:
Execution failed for task ':expo-modules-core:compileDebugKotlin'.
> A failure occurred while executing org.jetbrains.kotlin.compilerRunner.GradleCompilerRunnerWithWorkers$GradleKotlinCompilerWorkAction
   > Compilation error. See log for more details

* Try:
> Run with --stacktrace option to get the stack trace.
> Run with --info or --debug option to get more log output.
> Run with --scan to get full insights.
> Get more help at https://help.gradle.org.

BUILD FAILED in 1m 48s
376 actionable tasks: 242 executed, 122 from cache, 12 up-to-date
Error: C:\plexcash-mobile\android\gradlew.bat app:assembleDebug -x lint -x test --configure-on-demand --build-cache -PreactNativeDevServerPort=8081 -PreactNativeArchitectures=arm64-v8a,armeabi-v7a exited with non-zero code: 1
Error: C:\plexcash-mobile\android\gradlew.bat app:assembleDebug -x lint -x test --configure-on-demand --build-cache -PreactNativeDevServerPort=8081 -PreactNativeArchitectures=arm64-v8a,armeabi-v7a exited with non-zero code: 1
    at ChildProcess.completionListener (C:\plexcash-mobile\node_modules\@expo\spawn-async\src\spawnAsync.ts:67:13)
    at Object.onceWrapper (node:events:632:26)
    at ChildProcess.emit (node:events:517:28)
    at ChildProcess.cp.emit (C:\plexcash-mobile\node_modules\cross-spawn\lib\enoent.js:34:29)
    at maybeClose (node:internal/child_process:1098:16)
    at Process.ChildProcess._handle.onexit (node:internal/child_process:303:5)
    ...
    at spawnAsync (C:\plexcash-mobile\node_modules\@expo\spawn-async\src\spawnAsync.ts:28:21)
    at spawnGradleAsync (C:\plexcash-mobile\node_modules\@expo\cli\src\start\platforms\android\gradle.ts:134:28)
    at assembleAsync (C:\plexcash-mobile\node_modules\@expo\cli\src\start\platforms\android\gradle.ts:83:16)
    at runAndroidAsync (C:\plexcash-mobile\node_modules\@expo\cli\src\run\android\runAndroidAsync.ts:48:24)
